This is XeTeX, Version 3.141592653-2.6-0.999997 (MiKTeX 25.4) (preloaded format=xelatex 2025.8.19)  20 AUG 2025 20:11
entering extended mode
 restricted \write18 enabled.
 %&-line parsing enabled.
**./main.tex
(main.tex
LaTeX2e <2025-06-01> patch level 1
L3 programming layer <2025-07-11>
(C:\Users\hp\AppData\Local\Programs\MiKTeX\tex/latex/base\report.cls
Document Class: report 2025/01/22 v1.4n Standard LaTeX document class
(C:\Users\hp\AppData\Local\Programs\MiKTeX\tex/latex/base\size12.clo
File: size12.clo 2025/01/22 v1.4n Standard LaTeX file (size option)
)
\c@part=\count271
\c@chapter=\count272
\c@section=\count273
\c@subsection=\count274
\c@subsubsection=\count275
\c@paragraph=\count276
\c@subparagraph=\count277
\c@figure=\count278
\c@table=\count279
\abovecaptionskip=\skip49
\belowcaptionskip=\skip50
\bibindent=\dimen148
)
(C:\Users\hp\AppData\Local\Programs\MiKTeX\tex/latex/fontspec\fontspec.sty
(C:\Users\hp\AppData\Local\Programs\MiKTeX\tex/latex/l3packages/xparse\xparse.s
ty (C:\Users\hp\AppData\Local\Programs\MiKTeX\tex/latex/l3kernel\expl3.sty
Package: expl3 2025-07-11 L3 programming layer (loader) 

(C:\Users\hp\AppData\Local\Programs\MiKTeX\tex/latex/l3backend\l3backend-xetex.
def
File: l3backend-xetex.def 2025-06-09 L3 backend support: XeTeX
\g__graphics_track_int=\count280
\g__pdfannot_backend_int=\count281
\g__pdfannot_backend_link_int=\count282
))
Package: xparse 2024-08-16 L3 Experimental document command parser
)
Package: fontspec 2024/05/11 v2.9e Font selection for XeLaTeX and LuaLaTeX

(C:\Users\hp\AppData\Local\Programs\MiKTeX\tex/latex/fontspec\fontspec-xetex.st
y
Package: fontspec-xetex 2024/05/11 v2.9e Font selection for XeLaTeX and LuaLaTe
X
\l__fontspec_script_int=\count283
\l__fontspec_language_int=\count284
\l__fontspec_strnum_int=\count285
\l__fontspec_tmp_int=\count286
\l__fontspec_tmpa_int=\count287
\l__fontspec_tmpb_int=\count288
\l__fontspec_tmpc_int=\count289
\l__fontspec_em_int=\count290
\l__fontspec_emdef_int=\count291
\l__fontspec_strong_int=\count292
\l__fontspec_strongdef_int=\count293
\l__fontspec_tmpa_dim=\dimen149
\l__fontspec_tmpb_dim=\dimen150
\l__fontspec_tmpc_dim=\dimen151
 (C:\Users\hp\AppData\Local\Programs\MiKTeX\tex/latex/base\fontenc.sty
Package: fontenc 2024/12/21 v2.1c Standard LaTeX package
)
(C:\Users\hp\AppData\Local\Programs\MiKTeX\tex/latex/fontspec\fontspec.cfg)))
(C:\Users\hp\AppData\Local\Programs\MiKTeX\tex/latex/polyglossia\polyglossia.st
y
Package: polyglossia 2025/06/30 v2.6 Modern multilingual typesetting with XeLaT
eX and LuaLaTeX
 (C:\Users\hp\AppData\Local\Programs\MiKTeX\tex/latex/etoolbox\etoolbox.sty
Package: etoolbox 2025/02/11 v2.5l e-TeX tools for LaTeX (JAW)
\etb@tempcnta=\count294
)
(C:\Users\hp\AppData\Local\Programs\MiKTeX\tex/generic/iftex\iftex.sty
Package: iftex 2024/12/12 v1.0g TeX engine tests
)
\l_xpg_alias_keyvals_int=\count295

(C:\Users\hp\AppData\Local\Programs\MiKTeX\tex/latex/polyglossia\gloss-latex.ld
f
File: gloss-latex.ldf polyglossia: module for default language
))
(C:\Users\hp\AppData\Local\Programs\MiKTeX\tex/latex/polyglossia\gloss-english.
ldf
File: gloss-english.ldf polyglossia: module for English
)

Package polyglossia Info: Default language is english


(C:\Users\hp\AppData\Local\Programs\MiKTeX\tex/latex/polyglossia\gloss-arabic.l
df
File: gloss-arabic.ldf polyglossia: module for Arabic
 (C:\Users\hp\AppData\Local\Programs\MiKTeX\tex/xelatex/bidi\bidi.sty
Package: bidi 2025/02/02 v25.2.2 (Release Maryam Mirzakhani) Bidirectional type
setting in plain TeX and LaTeX

****************************************************
* 
* bidi package (Bidirectional typesetting in
* plain TeX and LaTeX, using XeTeX engine)
* 
* Description: A convenient interface for
* typesetting bidirectional texts in plain TeX
* and LaTeX. The package includes adaptations
* for use with many other commonly-used packages.
* 
* Copyright (c) 2007--2025 Vafa Khalighi
* Copyright (c) 2018--2020 bidi-tex GitHub organization
* 
* v25.2.2 (Release Maryam Mirzakhani), 2025/02/02
* 
* License: LaTeX Project Public License, version
* 1.3c or higher (your choice)
* 
* Location on CTAN: /macros/xetex/latex/bidi
* 
* Issue tracker: https://github.com/xepersian/bidi/issues
* 
* Discussions: https://github.com/xepersian/bidi/discussions
* 
* Primary author of bidi package: Vafa Khalighi.
* 
****************************************************
(C:\Users\hp\AppData\Local\Programs\MiKTeX\tex/xelatex/bidi\biditools.sty
Package: biditools 2025/02/02 v2.7 Programming tools for bidi package
\@bidi@envbody=\toks17
\@bidi@emptytoks=\toks18
\bidi@poscount=\count296
\bidi@tempcountb=\count297
\bidi@temptoksa=\toks19
\bidi@temptoksb=\toks20
\bidi@dummies=\count298
\bidi@are@these@correct=\toks21
\bidi@toks@lista=\toks22
\bidi@toks@listb=\toks23
\bidi@stack@length=\count299
\bidi@empty@stack=\toks24
\bidi@looprepeat@depth=\count300
)
(C:\Users\hp\AppData\Local\Programs\MiKTeX\tex/latex/zref\zref-abspage.sty
Package: zref-abspage 2025-06-08 v2.36 Module abspage for zref (HO)

(C:\Users\hp\AppData\Local\Programs\MiKTeX\tex/latex/zref\zref-base.sty
Package: zref-base 2025-06-08 v2.36 Module base for zref (HO)

(C:\Users\hp\AppData\Local\Programs\MiKTeX\tex/generic/ltxcmds\ltxcmds.sty
Package: ltxcmds 2023-12-04 v1.26 LaTeX kernel commands for general use (HO)
)
(C:\Users\hp\AppData\Local\Programs\MiKTeX\tex/generic/infwarerr\infwarerr.sty
Package: infwarerr 2019/12/03 v1.5 Providing info/warning/error messages (HO)
) (C:\Users\hp\AppData\Local\Programs\MiKTeX\tex/latex/kvsetkeys\kvsetkeys.sty
Package: kvsetkeys 2022-10-05 v1.19 Key value parser (HO)
)
(C:\Users\hp\AppData\Local\Programs\MiKTeX\tex/generic/kvdefinekeys\kvdefinekey
s.sty
Package: kvdefinekeys 2019-12-19 v1.6 Define keys (HO)
)
(C:\Users\hp\AppData\Local\Programs\MiKTeX\tex/generic/pdftexcmds\pdftexcmds.st
y
Package: pdftexcmds 2020-06-27 v0.33 Utility functions of pdfTeX for LuaTeX (HO
)
Package pdftexcmds Info: \pdf@primitive is available.
Package pdftexcmds Info: \pdf@ifprimitive is available.
Package pdftexcmds Info: \pdfdraftmode not found.
) (C:\Users\hp\AppData\Local\Programs\MiKTeX\tex/generic/etexcmds\etexcmds.sty
Package: etexcmds 2019/12/15 v1.7 Avoid name clashes with e-TeX commands (HO)
) (C:\Users\hp\AppData\Local\Programs\MiKTeX\tex/latex/auxhook\auxhook.sty
Package: auxhook 2019-12-17 v1.6 Hooks for auxiliary files (HO)
)
Package zref Info: New property list: main on input line 767.
Package zref Info: New property: default on input line 768.
Package zref Info: New property: page on input line 769.
)
\c@abspage=\count301
Package zref Info: New property: abspage on input line 67.
)
\@bidi@copyins@=\insert252
\bidi@typesethour=\count302
\bidi@typesetminute=\count303

(C:\Users\hp\AppData\Local\Programs\MiKTeX\tex/xelatex/bidi\latex-xetex-bidi.de
f
File: latex-xetex-bidi.def 2025/01/03 v1.5.2 bidi adaptations for `latex.ltx' f
or XeTeX engine
\bidi@n@everypar=\toks25
LaTeX Info: Redefining \centerline on input line 316.
LaTeX Info: Redefining \leftline on input line 325.
LaTeX Info: Redefining \rightline on input line 326.
LaTeX Info: Redefining \underline on input line 334.
\bidi@column@check@number=\count304

(C:\Users\hp\AppData\Local\Programs\MiKTeX\tex/xelatex/bidi\footnote-xetex-bidi
.def
File: footnote-xetex-bidi.def 2024/12/14 v1.3 bidi footnote macros for XeTeX en
gine
\c@footdir@label=\count305
\footdir@toks=\toks26
))
\bidi@digits=\count306
\bidi@digits@charclass=\XeTeXcharclass1
\bidi@sepmark@charclass=\XeTeXcharclass2
)
(C:\Users\hp\AppData\Local\Programs\MiKTeX\tex/latex/polyglossia\arabicnumbers.
sty
Package: arabicnumbers 2010/03/18 v0.2 Formatting of Arabic and Farsi digits an
d of Arabic abjad numerals
)
(C:\Users\hp\AppData\Local\Programs\MiKTeX\tex/latex/polyglossia\hijrical.sty
Package: hijrical 2010/07/12 v0.2 Islamic calendar

(C:\Users\hp\AppData\Local\Programs\MiKTeX\tex/latex/tools\calc.sty
Package: calc 2025/03/01 v4.3b Infix arithmetic (KKT,FJ)
\calc@Acount=\count307
\calc@Bcount=\count308
\calc@Adimen=\dimen152
\calc@Bdimen=\dimen153
\calc@Askip=\skip51
\calc@Bskip=\skip52
LaTeX Info: Redefining \setlength on input line 86.
LaTeX Info: Redefining \addtolength on input line 87.
\calc@Ccount=\count309
\calc@Cskip=\skip53
)
(C:\Users\hp\AppData\Local\Programs\MiKTeX\tex/latex/polyglossia\cal-util.def
\c@tmpA=\count310
\c@tmpB=\count311
\c@tmpC=\count312
\c@tmpD=\count313
\c@tmpE=\count314
\c@tmpF=\count315
)
\c@Hijriday=\count316
\c@Hijrimonth=\count317
\c@Hijriyear=\count318
))

Package fontspec Info: 
(fontspec)             Font family 'Amiri(0)' created for font 'Amiri' with
(fontspec)             options [Script=Arabic].
(fontspec)              
(fontspec)              This font family consists of the following NFSS
(fontspec)             series/shapes:
(fontspec)              
(fontspec)             - 'normal' (m/n) with NFSS spec.:
(fontspec)             <->"Amiri/OT:script=arab;language=dflt;"
(fontspec)             - 'bold' (b/n) with NFSS spec.:
(fontspec)             <->"Amiri/B/OT:script=arab;language=dflt;"
(fontspec)             - 'italic' (m/it) with NFSS spec.:
(fontspec)             <->"Amiri/I/OT:script=arab;language=dflt;"
(fontspec)             - 'bold italic' (b/it) with NFSS spec.:
(fontspec)             <->"Amiri/BI/OT:script=arab;language=dflt;"

 (C:\Users\hp\AppData\Local\Programs\MiKTeX\tex/latex/geometry\geometry.sty
Package: geometry 2020/01/02 v5.9 Page Geometry

(C:\Users\hp\AppData\Local\Programs\MiKTeX\tex/latex/graphics\keyval.sty
Package: keyval 2022/05/29 v1.15 key=value parser (DPC)
\KV@toks@=\toks27
)
(C:\Users\hp\AppData\Local\Programs\MiKTeX\tex/generic/iftex\ifvtex.sty
Package: ifvtex 2019/10/25 v1.7 ifvtex legacy package. Use iftex instead.
)
\Gm@cnth=\count319
\Gm@cntv=\count320
\c@Gm@tempcnt=\count321
\Gm@bindingoffset=\dimen154
\Gm@wd@mp=\dimen155
\Gm@odd@mp=\dimen156
\Gm@even@mp=\dimen157
\Gm@layoutwidth=\dimen158
\Gm@layoutheight=\dimen159
\Gm@layouthoffset=\dimen160
\Gm@layoutvoffset=\dimen161
\Gm@dimlist=\toks28

(C:\Users\hp\AppData\Local\Programs\MiKTeX\tex/latex/geometry\geometry.cfg))
(C:\Users\hp\AppData\Local\Programs\MiKTeX\tex/xelatex/bidi\geometry-xetex-bidi
.def
File: geometry-xetex-bidi.def 2017/01/14 v0.2 bidi adaptations for geometry pac
kage for XeTeX engine
)
(C:\Users\hp\AppData\Local\Programs\MiKTeX\tex/latex/fancyhdr\fancyhdr.sty
Package: fancyhdr 2025/02/07 v5.2 Extensive control of page headers and footers

\f@nch@headwidth=\skip54
\f@nch@offset@elh=\skip55
\f@nch@offset@erh=\skip56
\f@nch@offset@olh=\skip57
\f@nch@offset@orh=\skip58
\f@nch@offset@elf=\skip59
\f@nch@offset@erf=\skip60
\f@nch@offset@olf=\skip61
\f@nch@offset@orf=\skip62
\f@nch@height=\skip63
\f@nch@footalignment=\skip64
\f@nch@widthL=\skip65
\f@nch@widthC=\skip66
\f@nch@widthR=\skip67
\@temptokenb=\toks29
)
(C:\Users\hp\AppData\Local\Programs\MiKTeX\tex/xelatex/bidi\fancyhdr-xetex-bidi
.def
File: fancyhdr-xetex-bidi.def 2025/01/07 v0.9 bidi adaptations for fancyhdr pac
kage for XeTeX engine


Package bidi Warning: Oops! patching `\f@nch@hfbox@center' failed.


Package bidi Warning: Oops! patching `\f@nch@hfbox@center' failed.


Package bidi Warning: Oops! patching `\f@nch@hfbox@fit' failed.


Package bidi Warning: Oops! patching `\f@nch@hfbox@fit' failed.

) (C:\Users\hp\AppData\Local\Programs\MiKTeX\tex/latex/graphics\graphicx.sty
Package: graphicx 2024/12/31 v1.2e Enhanced LaTeX Graphics (DPC,SPQR)

(C:\Users\hp\AppData\Local\Programs\MiKTeX\tex/latex/graphics\graphics.sty
Package: graphics 2024/08/06 v1.4g Standard LaTeX Graphics (DPC,SPQR)

(C:\Users\hp\AppData\Local\Programs\MiKTeX\tex/latex/graphics\trig.sty
Package: trig 2023/12/02 v1.11 sin cos tan (DPC)
)
(C:\Users\hp\AppData\Local\Programs\MiKTeX\tex/latex/graphics-cfg\graphics.cfg
File: graphics.cfg 2016/06/04 v1.11 sample graphics configuration
)
Package graphics Info: Driver file: xetex.def on input line 106.
(C:\Users\hp\AppData\Local\Programs\MiKTeX\tex/latex/graphics-def\xetex.def
File: xetex.def 2022/09/22 v5.0n Graphics/color driver for xetex
))
\Gin@req@height=\dimen162
\Gin@req@width=\dimen163
)
(C:\Users\hp\AppData\Local\Programs\MiKTeX\tex/xelatex/bidi\graphicx-xetex-bidi
.def
File: graphicx-xetex-bidi.def 2017/06/17 v0.5 bidi adaptations for graphicx pac
kage for XeTeX engine
) (C:\Users\hp\AppData\Local\Programs\MiKTeX\tex/latex/amsmath\amsmath.sty
Package: amsmath 2025/06/16 v2.17y AMS math features
\@mathmargin=\skip68

For additional information on amsmath, use the `?' option.
(C:\Users\hp\AppData\Local\Programs\MiKTeX\tex/latex/amsmath\amstext.sty
Package: amstext 2024/11/17 v2.01 AMS text

(C:\Users\hp\AppData\Local\Programs\MiKTeX\tex/latex/amsmath\amsgen.sty
File: amsgen.sty 1999/11/30 v2.0 generic functions
\@emptytoks=\toks30
\ex@=\dimen164
))
(C:\Users\hp\AppData\Local\Programs\MiKTeX\tex/xelatex/bidi\amstext-xetex-bidi.
def
File: amstext-xetex-bidi.def 2016/09/12 v0.2 bidi adaptations for amstext packa
ge for XeTeX engine
) (C:\Users\hp\AppData\Local\Programs\MiKTeX\tex/latex/amsmath\amsbsy.sty
Package: amsbsy 1999/11/29 v1.2d Bold Symbols
\pmbraise@=\dimen165
)
(C:\Users\hp\AppData\Local\Programs\MiKTeX\tex/latex/amsmath\amsopn.sty
Package: amsopn 2022/04/08 v2.04 operator names
)
\inf@bad=\count322
LaTeX Info: Redefining \frac on input line 233.
\uproot@=\count323
\leftroot@=\count324
LaTeX Info: Redefining \overline on input line 398.
LaTeX Info: Redefining \colon on input line 409.
\classnum@=\count325
\DOTSCASE@=\count326
LaTeX Info: Redefining \ldots on input line 495.
LaTeX Info: Redefining \dots on input line 498.
LaTeX Info: Redefining \cdots on input line 619.
\Mathstrutbox@=\box53
\strutbox@=\box54
LaTeX Info: Redefining \big on input line 721.
LaTeX Info: Redefining \Big on input line 722.
LaTeX Info: Redefining \bigg on input line 723.
LaTeX Info: Redefining \Bigg on input line 724.
\big@size=\dimen166
LaTeX Font Info:    Redeclaring font encoding OML on input line 742.
LaTeX Font Info:    Redeclaring font encoding OMS on input line 743.
\macc@depth=\count327
LaTeX Info: Redefining \bmod on input line 904.
LaTeX Info: Redefining \pmod on input line 909.
LaTeX Info: Redefining \smash on input line 939.
LaTeX Info: Redefining \relbar on input line 969.
LaTeX Info: Redefining \Relbar on input line 970.
\c@MaxMatrixCols=\count328
\dotsspace@=\muskip17
\c@parentequation=\count329
\dspbrk@lvl=\count330
\tag@help=\toks31
\row@=\count331
\column@=\count332
\maxfields@=\count333
\andhelp@=\toks32
\eqnshift@=\dimen167
\alignsep@=\dimen168
\tagshift@=\dimen169
\tagwidth@=\dimen170
\totwidth@=\dimen171
\lineht@=\dimen172
\@envbody=\toks33
\multlinegap=\skip69
\multlinetaggap=\skip70
\mathdisplay@stack=\toks34
LaTeX Info: Redefining \[ on input line 2949.
LaTeX Info: Redefining \] on input line 2950.
)
(C:\Users\hp\AppData\Local\Programs\MiKTeX\tex/xelatex/bidi\amsmath-xetex-bidi.
def
File: amsmath-xetex-bidi.def 2020/05/16 v1.2 bidi adaptations for amsmath packa
ge for XeTeX engine
) (C:\Users\hp\AppData\Local\Programs\MiKTeX\tex/latex/amsfonts\amsfonts.sty
Package: amsfonts 2013/01/14 v3.01 Basic AMSFonts support
\symAMSa=\mathgroup4
\symAMSb=\mathgroup5
LaTeX Font Info:    Redeclaring math symbol \hbar on input line 98.
LaTeX Font Info:    Overwriting math alphabet `\mathfrak' in version `bold'
(Font)                  U/euf/m/n --> U/euf/b/n on input line 106.
) (C:\Users\hp\AppData\Local\Programs\MiKTeX\tex/latex/amsfonts\amssymb.sty
Package: amssymb 2013/01/14 v3.01 AMS font symbols
)
(C:\Users\hp\AppData\Local\Programs\MiKTeX\tex/latex/booktabs\booktabs.sty
Package: booktabs 2020/01/12 v1.61803398 Publication quality tables
\heavyrulewidth=\dimen173
\lightrulewidth=\dimen174
\cmidrulewidth=\dimen175
\belowrulesep=\dimen176
\belowbottomsep=\dimen177
\aboverulesep=\dimen178
\abovetopsep=\dimen179
\cmidrulesep=\dimen180
\cmidrulekern=\dimen181
\defaultaddspace=\dimen182
\@cmidla=\count334
\@cmidlb=\count335
\@aboverulesep=\dimen183
\@belowrulesep=\dimen184
\@thisruleclass=\count336
\@lastruleclass=\count337
\@thisrulewidth=\dimen185
)
(C:\Users\hp\AppData\Local\Programs\MiKTeX\tex/latex/tools\array.sty
Package: array 2025/06/08 v2.6j Tabular extension package (FMi)
\col@sep=\dimen186
\ar@mcellbox=\box55
\extrarowheight=\dimen187
\NC@list=\toks35
\extratabsurround=\skip71
\backup@length=\skip72
\ar@cellbox=\box56
)
(C:\Users\hp\AppData\Local\Programs\MiKTeX\tex/xelatex/bidi\array-xetex-bidi.de
f
File: array-xetex-bidi.def 2024/12/10 v0.5 bidi adaptations for array package f
or XeTeX engine
) (C:\Users\hp\AppData\Local\Programs\MiKTeX\tex/latex/multirow\multirow.sty
Package: multirow 2024/11/12 v2.9 Span multiple rows of a table
\multirow@colwidth=\skip73
\multirow@cntb=\count338
\multirow@dima=\skip74
\bigstrutjot=\dimen188
)
(C:\Users\hp\AppData\Local\Programs\MiKTeX\tex/latex/xcolor\xcolor.sty
Package: xcolor 2024/09/29 v3.02 LaTeX color extensions (UK)

(C:\Users\hp\AppData\Local\Programs\MiKTeX\tex/latex/graphics-cfg\color.cfg
File: color.cfg 2016/01/02 v1.6 sample color configuration
)
Package xcolor Info: Driver file: xetex.def on input line 274.

(C:\Users\hp\AppData\Local\Programs\MiKTeX\tex/latex/graphics\mathcolor.ltx)
Package xcolor Info: Model `cmy' substituted by `cmy0' on input line 1349.
Package xcolor Info: Model `RGB' extended on input line 1365.
Package xcolor Info: Model `HTML' substituted by `rgb' on input line 1367.
Package xcolor Info: Model `Hsb' substituted by `hsb' on input line 1368.
Package xcolor Info: Model `tHsb' substituted by `hsb' on input line 1369.
Package xcolor Info: Model `HSB' substituted by `hsb' on input line 1370.
Package xcolor Info: Model `Gray' substituted by `gray' on input line 1371.
Package xcolor Info: Model `wave' substituted by `hsb' on input line 1372.
)
(C:\Users\hp\AppData\Local\Programs\MiKTeX\tex/xelatex/bidi\xcolor-xetex-bidi.d
ef
File: xcolor-xetex-bidi.def 2022/06/13 v0.3 bidi adaptations for xcolor package
 for XeTeX engine
LaTeX Info: Redefining \color on input line 48.
) (C:\Users\hp\AppData\Local\Programs\MiKTeX\tex/latex/float\float.sty
Package: float 2001/11/08 v1.3d Float enhancements (AL)
\c@float@type=\count339
\float@exts=\toks36
\float@box=\box57
\@float@everytoks=\toks37
\@floatcapt=\box58
)
(C:\Users\hp\AppData\Local\Programs\MiKTeX\tex/xelatex/bidi\float-xetex-bidi.de
f
File: float-xetex-bidi.def 2013/04/04 v0.2 bidi adaptations for float package f
or XeTeX engine
) (C:\Users\hp\AppData\Local\Programs\MiKTeX\tex/latex/caption\caption.sty
Package: caption 2023/08/05 v3.6o Customizing captions (AR)

(C:\Users\hp\AppData\Local\Programs\MiKTeX\tex/latex/caption\caption3.sty
Package: caption3 2023/07/31 v2.4d caption3 kernel (AR)
\caption@tempdima=\dimen189
\captionmargin=\dimen190
\caption@leftmargin=\dimen191
\caption@rightmargin=\dimen192
\caption@width=\dimen193
\caption@indent=\dimen194
\caption@parindent=\dimen195
\caption@hangindent=\dimen196
Package caption Info: Unknown document class (or package),
(caption)             standard defaults will be used.
Package caption Info: \@makecaption = \long macro:#1#2->\vskip \abovecaptionski
p \sbox \@tempboxa {#1: #2}\ifdim \wd \@tempboxa >\hsize \if@RTL \beginR \fi #1
: #2\if@RTL \endR \fi \par \else \global \@minipagefalse \hb@xt@ \hsize {\if@RT
L \beginR \fi \hfil \box \@tempboxa \hfil \if@RTL \endR \fi }\fi \vskip \belowc
aptionskip  on input line 1175.
)
(C:\Users\hp\AppData\Local\Programs\MiKTeX\tex/xelatex/bidi\caption3-xetex-bidi
.def
File: caption3-xetex-bidi.def 2013/04/01 v0.1 bidi adaptations for caption3 pac
kage for XeTeX engine
)

Package caption Warning: Unknown document class (or package),
(caption)                standard defaults will be used.
See the caption package documentation for explanation.

\c@caption@flags=\count340
\c@continuedfloat=\count341
Package caption Info: float package is loaded.
)
(C:\Users\hp\AppData\Local\Programs\MiKTeX\tex/xelatex/bidi\caption-xetex-bidi.
def
File: caption-xetex-bidi.def 2010/07/25 v0.1 bidi adaptations for caption packa
ge for XeTeX engine
)
(C:\Users\hp\AppData\Local\Programs\MiKTeX\tex/latex/caption\subcaption.sty
Package: subcaption 2023/07/28 v1.6b Sub-captions (AR)
Package caption Info: New subtype `subfigure' on input line 238.
\c@subfigure=\count342
Package caption Info: New subtype `subtable' on input line 238.
\c@subtable=\count343
)
(C:\Users\hp\AppData\Local\Programs\MiKTeX\tex/latex/listings\listings.sty
\lst@mode=\count344
\lst@gtempboxa=\box59
\lst@token=\toks38
\lst@length=\count345
\lst@currlwidth=\dimen197
\lst@column=\count346
\lst@pos=\count347
\lst@lostspace=\dimen198
\lst@width=\dimen199
\lst@newlines=\count348
\lst@lineno=\count349
\lst@maxwidth=\dimen256

(C:\Users\hp\AppData\Local\Programs\MiKTeX\tex/latex/listings\lstpatch.sty
File: lstpatch.sty 2024/09/23 1.10c (Carsten Heinz)
)
(C:\Users\hp\AppData\Local\Programs\MiKTeX\tex/latex/listings\lstmisc.sty
File: lstmisc.sty 2024/09/23 1.10c (Carsten Heinz)
\c@lstnumber=\count350
\lst@skipnumbers=\count351
\lst@framebox=\box60
)
(C:\Users\hp\AppData\Local\Programs\MiKTeX\tex/latex/listings\listings.cfg
File: listings.cfg 2024/09/23 1.10c listings configuration
))
Package: listings 2024/09/23 1.10c (Carsten Heinz)

(C:\Users\hp\AppData\Local\Programs\MiKTeX\tex/xelatex/bidi\listings-xetex-bidi
.def
File: listings-xetex-bidi.def 2025/01/03 v1.6 bidi adaptations for listings pac
kage for XeTeX engine
)
(C:\Users\hp\AppData\Local\Programs\MiKTeX\tex/latex/hyperref\hyperref.sty
Package: hyperref 2025-07-12 v7.01o Hypertext links for LaTeX

(C:\Users\hp\AppData\Local\Programs\MiKTeX\tex/generic/pdfescape\pdfescape.sty
Package: pdfescape 2019/12/09 v1.15 Implements pdfTeX's escape features (HO)
) (C:\Users\hp\AppData\Local\Programs\MiKTeX\tex/latex/hycolor\hycolor.sty
Package: hycolor 2020-01-27 v1.10 Color options for hyperref/bookmark (HO)
)
(C:\Users\hp\AppData\Local\Programs\MiKTeX\tex/latex/hyperref\nameref.sty
Package: nameref 2025-06-21 v2.57 Cross-referencing by name of section

(C:\Users\hp\AppData\Local\Programs\MiKTeX\tex/latex/refcount\refcount.sty
Package: refcount 2019/12/15 v3.6 Data extraction from label references (HO)
)
(C:\Users\hp\AppData\Local\Programs\MiKTeX\tex/generic/gettitlestring\gettitles
tring.sty
Package: gettitlestring 2019/12/15 v1.6 Cleanup title references (HO)

(C:\Users\hp\AppData\Local\Programs\MiKTeX\tex/latex/kvoptions\kvoptions.sty
Package: kvoptions 2022-06-15 v3.15 Key value format for package options (HO)
))
\c@section@level=\count352
) (C:\Users\hp\AppData\Local\Programs\MiKTeX\tex/generic/stringenc\stringenc.st
y
Package: stringenc 2019/11/29 v1.12 Convert strings between diff. encodings (HO
)
)
\@linkdim=\dimen257
\Hy@linkcounter=\count353
\Hy@pagecounter=\count354
 (C:\Users\hp\AppData\Local\Programs\MiKTeX\tex/latex/hyperref\pd1enc.def
File: pd1enc.def 2025-07-12 v7.01o Hyperref: PDFDocEncoding definition (HO)
)
(C:\Users\hp\AppData\Local\Programs\MiKTeX\tex/generic/intcalc\intcalc.sty
Package: intcalc 2019/12/15 v1.3 Expandable calculations with integers (HO)
)
\Hy@SavedSpaceFactor=\count355

(C:\Users\hp\AppData\Local\Programs\MiKTeX\tex/latex/hyperref\puenc.def
File: puenc.def 2025-07-12 v7.01o Hyperref: PDF Unicode definition (HO)
)
Package hyperref Info: Hyper figures OFF on input line 4195.
Package hyperref Info: Link nesting OFF on input line 4200.
Package hyperref Info: Hyper index ON on input line 4203.
Package hyperref Info: Plain pages OFF on input line 4210.
Package hyperref Info: Backreferencing OFF on input line 4215.
Package hyperref Info: Implicit mode ON; LaTeX internals redefined.
Package hyperref Info: Bookmarks ON on input line 4462.
\c@Hy@tempcnt=\count356

(C:\Users\hp\AppData\Local\Programs\MiKTeX\tex/latex/url\url.sty
\Urlmuskip=\muskip18
Package: url 2013/09/16  ver 3.4  Verb mode for urls, etc.
)
LaTeX Info: Redefining \url on input line 4801.
\XeTeXLinkMargin=\dimen258

(C:\Users\hp\AppData\Local\Programs\MiKTeX\tex/generic/bitset\bitset.sty
Package: bitset 2019/12/09 v1.3 Handle bit-vector datatype (HO)

(C:\Users\hp\AppData\Local\Programs\MiKTeX\tex/generic/bigintcalc\bigintcalc.st
y
Package: bigintcalc 2019/12/15 v1.5 Expandable calculations on big integers (HO
)
))
\Fld@menulength=\count357
\Field@Width=\dimen259
\Fld@charsize=\dimen260
Package hyperref Info: Hyper figures OFF on input line 6078.
Package hyperref Info: Link nesting OFF on input line 6083.
Package hyperref Info: Hyper index ON on input line 6086.
Package hyperref Info: backreferencing OFF on input line 6093.
Package hyperref Info: Link coloring OFF on input line 6098.
Package hyperref Info: Link coloring with OCG OFF on input line 6103.
Package hyperref Info: PDF/A mode OFF on input line 6108.
\Hy@abspage=\count358
\c@Item=\count359
\c@Hfootnote=\count360
)
Package hyperref Info: Driver (autodetected): hxetex.
 (C:\Users\hp\AppData\Local\Programs\MiKTeX\tex/latex/hyperref\hxetex.def
File: hxetex.def 2025-07-12 v7.01o Hyperref driver for XeTeX
\pdfm@box=\box61
\c@Hy@AnnotLevel=\count361
\HyField@AnnotCount=\count362
\Fld@listcount=\count363
\c@bookmark@seq@number=\count364

(C:\Users\hp\AppData\Local\Programs\MiKTeX\tex/latex/rerunfilecheck\rerunfilech
eck.sty
Package: rerunfilecheck 2025-06-21 v1.11 Rerun checks for auxiliary files (HO)

(C:\Users\hp\AppData\Local\Programs\MiKTeX\tex/generic/uniquecounter\uniquecoun
ter.sty
Package: uniquecounter 2019/12/15 v1.4 Provide unlimited unique counter (HO)
)
Package uniquecounter Info: New unique counter `rerunfilecheck' on input line 2
84.
)
\Hy@SectionHShift=\skip75
)
(C:\Users\hp\AppData\Local\Programs\MiKTeX\tex/xelatex/bidi\hyperref-xetex-bidi
.def
File: hyperref-xetex-bidi.def 2025/01/05 v1.4 bidi adaptations for hyperref pac
kage for XeTeX engine
)
(C:\Users\hp\AppData\Local\Programs\MiKTeX\tex/latex/listings\lstlang1.sty
File: lstlang1.sty 2024/09/23 1.10c listings language file
)
(C:\Users\hp\AppData\Local\Programs\MiKTeX\tex/latex/listings\lstlang1.sty
File: lstlang1.sty 2024/09/23 1.10c listings language file
)
Package hyperref Info: Option `colorlinks' set `true' on input line 62.

(C:\Users\hp\AppData\Local\Programs\MiKTeX\tex/xelatex/bidi\report-xetex-bidi.d
ef
File: report-xetex-bidi.def 2025/02/02 v0.9 bidi adaptations for standard repor
t class for XeTeX engine
)
(C:\Users\hp\AppData\Local\Programs\MiKTeX\tex/xelatex/bidi\float-xetex-bidi.de
f
File: float-xetex-bidi.def 2013/04/04 v0.2 bidi adaptations for float package f
or XeTeX engine
) (main.aux

LaTeX Warning: Label `fig:infrastructure-deployment-diagram' multiply defined.

)
\openout1 = `main.aux'.

LaTeX Font Info:    Checking defaults for OML/cmm/m/it on input line 70.
LaTeX Font Info:    ... okay on input line 70.
LaTeX Font Info:    Checking defaults for OMS/cmsy/m/n on input line 70.
LaTeX Font Info:    ... okay on input line 70.
LaTeX Font Info:    Checking defaults for OT1/cmr/m/n on input line 70.
LaTeX Font Info:    ... okay on input line 70.
LaTeX Font Info:    Checking defaults for T1/cmr/m/n on input line 70.
LaTeX Font Info:    ... okay on input line 70.
LaTeX Font Info:    Checking defaults for TS1/cmr/m/n on input line 70.
LaTeX Font Info:    ... okay on input line 70.
LaTeX Font Info:    Checking defaults for TU/lmr/m/n on input line 70.
LaTeX Font Info:    ... okay on input line 70.
LaTeX Font Info:    Checking defaults for OMX/cmex/m/n on input line 70.
LaTeX Font Info:    ... okay on input line 70.
LaTeX Font Info:    Checking defaults for U/cmr/m/n on input line 70.
LaTeX Font Info:    ... okay on input line 70.
LaTeX Font Info:    Checking defaults for PD1/pdf/m/n on input line 70.
LaTeX Font Info:    ... okay on input line 70.
LaTeX Font Info:    Checking defaults for PU/pdf/m/n on input line 70.
LaTeX Font Info:    ... okay on input line 70.

Package fontspec Info: 
(fontspec)             Adjusting the maths setup (use [no-math] to avoid
(fontspec)             this).

\symlegacymaths=\mathgroup6
LaTeX Font Info:    Overwriting symbol font `legacymaths' in version `bold'
(Font)                  OT1/cmr/m/n --> OT1/cmr/bx/n on input line 70.
LaTeX Font Info:    Redeclaring math accent \acute on input line 70.
LaTeX Font Info:    Redeclaring math accent \grave on input line 70.
LaTeX Font Info:    Redeclaring math accent \ddot on input line 70.
LaTeX Font Info:    Redeclaring math accent \tilde on input line 70.
LaTeX Font Info:    Redeclaring math accent \bar on input line 70.
LaTeX Font Info:    Redeclaring math accent \breve on input line 70.
LaTeX Font Info:    Redeclaring math accent \check on input line 70.
LaTeX Font Info:    Redeclaring math accent \hat on input line 70.
LaTeX Font Info:    Redeclaring math accent \dot on input line 70.
LaTeX Font Info:    Redeclaring math accent \mathring on input line 70.
LaTeX Font Info:    Redeclaring math symbol \Gamma on input line 70.
LaTeX Font Info:    Redeclaring math symbol \Delta on input line 70.
LaTeX Font Info:    Redeclaring math symbol \Theta on input line 70.
LaTeX Font Info:    Redeclaring math symbol \Lambda on input line 70.
LaTeX Font Info:    Redeclaring math symbol \Xi on input line 70.
LaTeX Font Info:    Redeclaring math symbol \Pi on input line 70.
LaTeX Font Info:    Redeclaring math symbol \Sigma on input line 70.
LaTeX Font Info:    Redeclaring math symbol \Upsilon on input line 70.
LaTeX Font Info:    Redeclaring math symbol \Phi on input line 70.
LaTeX Font Info:    Redeclaring math symbol \Psi on input line 70.
LaTeX Font Info:    Redeclaring math symbol \Omega on input line 70.
LaTeX Font Info:    Redeclaring math symbol \mathdollar on input line 70.
LaTeX Font Info:    Redeclaring symbol font `operators' on input line 70.
LaTeX Font Info:    Encoding `OT1' has changed to `TU' for symbol font
(Font)              `operators' in the math version `normal' on input line 70.
LaTeX Font Info:    Overwriting symbol font `operators' in version `normal'
(Font)                  OT1/cmr/m/n --> TU/lmr/m/n on input line 70.
LaTeX Font Info:    Encoding `OT1' has changed to `TU' for symbol font
(Font)              `operators' in the math version `bold' on input line 70.
LaTeX Font Info:    Overwriting symbol font `operators' in version `bold'
(Font)                  OT1/cmr/bx/n --> TU/lmr/m/n on input line 70.
LaTeX Font Info:    Overwriting symbol font `operators' in version `normal'
(Font)                  TU/lmr/m/n --> TU/lmr/m/n on input line 70.
LaTeX Font Info:    Overwriting math alphabet `\mathit' in version `normal'
(Font)                  OT1/cmr/m/it --> TU/lmr/m/it on input line 70.
LaTeX Font Info:    Overwriting math alphabet `\mathbf' in version `normal'
(Font)                  OT1/cmr/bx/n --> TU/lmr/b/n on input line 70.
LaTeX Font Info:    Overwriting math alphabet `\mathsf' in version `normal'
(Font)                  OT1/cmss/m/n --> TU/lmss/m/n on input line 70.
LaTeX Font Info:    Overwriting math alphabet `\mathtt' in version `normal'
(Font)                  OT1/cmtt/m/n --> TU/lmtt/m/n on input line 70.
LaTeX Font Info:    Overwriting symbol font `operators' in version `bold'
(Font)                  TU/lmr/m/n --> TU/lmr/b/n on input line 70.
LaTeX Font Info:    Overwriting math alphabet `\mathit' in version `bold'
(Font)                  OT1/cmr/bx/it --> TU/lmr/b/it on input line 70.
LaTeX Font Info:    Overwriting math alphabet `\mathsf' in version `bold'
(Font)                  OT1/cmss/bx/n --> TU/lmss/b/n on input line 70.
LaTeX Font Info:    Overwriting math alphabet `\mathtt' in version `bold'
(Font)                  OT1/cmtt/m/n --> TU/lmtt/b/n on input line 70.

*geometry* driver: auto-detecting
*geometry* detected driver: xetex
*geometry* verbose mode - [ preamble ] result:
* driver: xetex
* paper: a4paper
* layout: <same size as paper>
* layoutoffset:(h,v)=(0.0pt,0.0pt)
* modes: 
* h-part:(L,W,R)=(85.35826pt, 441.01773pt, 71.13188pt)
* v-part:(T,H,B)=(71.13188pt, 702.78308pt, 71.13188pt)
* \paperwidth=597.50787pt
* \paperheight=845.04684pt
* \textwidth=441.01773pt
* \textheight=702.78308pt
* \oddsidemargin=13.08827pt
* \evensidemargin=13.08827pt
* \topmargin=-41.1381pt
* \headheight=15.0pt
* \headsep=25.0pt
* \topskip=12.0pt
* \footskip=30.0pt
* \marginparwidth=35.0pt
* \marginparsep=10.0pt
* \columnsep=10.0pt
* \skip\footins=10.8pt plus 4.0pt minus 2.0pt
* \hoffset=0.0pt
* \voffset=0.0pt
* \mag=1000
* \@twocolumnfalse
* \@twosidefalse
* \@mparswitchfalse
* \@reversemarginfalse
* (1in=72.27pt=25.4mm, 1cm=28.453pt)

Package caption Info: Begin \AtBeginDocument code.
Package caption Info: hyperref package is loaded.
Package caption Info: listings package is loaded.
Package caption Info: End \AtBeginDocument code.
\c@lstlisting=\count365
Package hyperref Info: Link coloring ON on input line 70.
(main.out) (main.out)
\@outlinefile=\write3
\openout3 = `main.out'.

 (chapters/title-page.tex
*geometry* verbose mode - [ newgeometry ] result:
* driver: xetex
* paper: a4paper
* layout: <same size as paper>
* layoutoffset:(h,v)=(0.0pt,0.0pt)
* modes: 
* h-part:(L,W,R)=(56.9055pt, 483.69687pt, 56.9055pt)
* v-part:(T,H,B)=(22.76228pt, 799.52228pt, 22.76228pt)
* \paperwidth=597.50787pt
* \paperheight=845.04684pt
* \textwidth=483.69687pt
* \textheight=799.52228pt
* \oddsidemargin=-15.36449pt
* \evensidemargin=-15.36449pt
* \topmargin=-89.5077pt
* \headheight=15.0pt
* \headsep=25.0pt
* \topskip=12.0pt
* \footskip=30.0pt
* \marginparwidth=35.0pt
* \marginparsep=10.0pt
* \columnsep=10.0pt
* \skip\footins=10.8pt plus 4.0pt minus 2.0pt
* \hoffset=0.0pt
* \voffset=0.0pt
* \mag=1000
* \@twocolumnfalse
* \@twosidefalse
* \@mparswitchfalse
* \@reversemarginfalse
* (1in=72.27pt=25.4mm, 1cm=28.453pt)

File: figures/logos/esi-sba-logo.png Graphic file (type bmp)
<figures/logos/esi-sba-logo.png>
LaTeX Font Info:    Trying to load font information for U+msa on input line 50.


(C:\Users\hp\AppData\Local\Programs\MiKTeX\tex/latex/amsfonts\umsa.fd
File: umsa.fd 2013/01/14 v3.01 AMS symbols A
)
LaTeX Font Info:    Trying to load font information for U+msb on input line 50.


(C:\Users\hp\AppData\Local\Programs\MiKTeX\tex/latex/amsfonts\umsb.fd
File: umsb.fd 2013/01/14 v3.01 AMS symbols B
)

[1


]) (acknowledgments/acknowledgments.tex

[2

]) (abstract/abstract.tex

[3]) (abstract/abstract-ar.tex
LaTeX Font Info:    Font shape `TU/Amiri(0)/bx/n' in size <17.28> not available

(Font)              Font shape `TU/Amiri(0)/b/n' tried instead on input line 5.


Overfull \hbox (12.44112pt too wide) in paragraph at lines 30--31
[][]\TU/Amiri(0)/b/n/12 الكلمات المفتاحية: \TU/Amiri(0)/m/n/12 GitOps، CI/CD ال
تقليدي، نشر البرمجيات، الحوسبة السحابية، الخدمات المصغرة، TechMart،[]
 []



[4]) (abstract/abstract-fr.tex

[5]) (main.toc

[6

]

[7]

[8])
\tf@toc=\write4
\openout4 = `main.toc'.



[9] (main.lof
Overfull \hbox (2.57037pt too wide) in paragraph at lines 11--11
 [][][] [][][][]\TU/lmr/m/n/12 Multi-Cloud Infrastructure Architecture showing 
distributed deployment[][] 
 []



[10


]
Overfull \hbox (4.96237pt too wide) in paragraph at lines 32--32
 [][][] [][][][]\TU/lmr/m/n/12 TechMart Product Catalog demonstrating MongoDB-b
ased flexible prod-[][] 
 []


Overfull \hbox (2.00638pt too wide) in paragraph at lines 36--36
 [][][] [][][][]\TU/lmr/m/n/12 TechMart User Orders page demonstrating order ma
nagement and trans-[][] 
 []


Overfull \hbox (2.32237pt too wide) in paragraph at lines 38--38
 [][][] [][][][]\TU/lmr/m/n/12 TechMart User Management interface demonstrating
 administrative user[][] 
 []


Overfull \hbox (2.04108pt too wide) in paragraph at lines 41--41
 [][][] [][][][]\TU/lmr/m/n/12 GitHub Actions Workflows showing CI/CD pipeline 
automation in progress[][][] [] [] 
 []

)
\tf@lof=\write5
\openout5 = `main.lof'.



[11] (main.lot)
\tf@lot=\write6
\openout6 = `main.lot'.



[12


] (chapters/01-introduction.tex
Chapter 1.


[1


]

[2]

[3]

[4]
Overfull \hbox (28.2223pt too wide) in paragraph at lines 84--85
[][]\TU/lmr/m/n/12 TechMart operates as a live production system accessible at 
the ecommerce-microservices-[]
 []

File: figures/research-methodology.png Graphic file (type bmp)
<figures/research-methodology.png>


[5]

[6]
Overfull \hbox (10.3383pt too wide) in paragraph at lines 132--133
[]\TU/lmr/m/n/12 ture research directions while providing practical recommendat
ions for enterprise method-[]
 []

) (chapters/02-background.tex

[7]
Chapter 2.


[8

]
Underfull \hbox (badness 10000) in paragraph at lines 54--54
[][]|\TU/lmr/bx/n/8 Deployment[]
 []


Underfull \hbox (badness 10000) in paragraph at lines 56--56
[][]|\TU/lmr/bx/n/8 Human Inter-[]
 []


Underfull \hbox (badness 10000) in paragraph at lines 58--58
[][]|\TU/lmr/bx/n/8 Configuration[]
 []


LaTeX Warning: `h' float specifier changed to `ht'.

File: figures/GitOp-vs-Traditional-CICD-Workflow-Comparison.png Graphic file (t
ype bmp)
<figures/GitOp-vs-Traditional-CICD-Workflow-Comparison.png>

LaTeX Warning: `h' float specifier changed to `ht'.



[9]
Overfull \hbox (9.16231pt too wide) in paragraph at lines 92--93
[]\TU/lmr/m/n/12 declarative management capabilities where users specify desire
d application state through[]
 []


Overfull \hbox (0.45027pt too wide) in paragraph at lines 96--97
[][]\TU/lmr/bx/n/12 Docker: \TU/lmr/m/n/12 Industry-standard containerization e
nabling consistent deployment pat-[]
 []



[10]
File: figures/Multi-Cloud-Architecture-Diagram.png Graphic file (type bmp)
<figures/Multi-Cloud-Architecture-Diagram.png>


[11]
Overfull \hbox (4.00545pt too wide) in paragraph at lines 136--136
[][]|\TU/lmr/bx/n/10.95 Methodology| []
 []


Underfull \hbox (badness 1117) in paragraph at lines 142--142
[][]|\TU/lmr/m/n/10.95 Product Ser-[]
 []


Underfull \hbox (badness 10000) in paragraph at lines 142--142
[][]|\TU/lmr/m/n/10.95 Traditional[]
 []


Underfull \hbox (badness 10000) in paragraph at lines 142--143
[][]|\TU/lmr/m/n/10.95 Platform optimiza-[]
 []


Underfull \hbox (badness 10000) in paragraph at lines 144--144
[][]|\TU/lmr/m/n/10.95 Traditional[]
 []


Underfull \hbox (badness 10000) in paragraph at lines 144--145
[][]|\TU/lmr/m/n/10.95 Enterprise frame-[]
 []



[12]

[13]
Overfull \hbox (14.32231pt too wide) in paragraph at lines 208--209
[][]\TU/lmr/m/n/12 Cost optimization and performance studies typically analyze 
individual cloud providers[]
 []



[14]
Overfull \hbox (24.2543pt too wide) in paragraph at lines 230--231
[][]\TU/lmr/bx/n/12 Prometheus: \TU/lmr/m/n/12 Time-series metrics collection w
ith powerful query language (PromQL)[]
 []

) (chapters/03-requirements.tex

[15]
Chapter 3.

Overfull \hbox (25.4831pt too wide) in paragraph at lines 9--10
[][]\TU/lmr/m/n/12 The chapter progresses through resource-constrained architec
ture strategy, methodology-[]
 []



[16

]
Overfull \hbox (6.75496pt too wide) in paragraph at lines 43--43
[][]|\TU/lmr/bx/n/10 Complexity[]
 []


Overfull \hbox (2.01088pt too wide) in paragraph at lines 43--43
[][]|\TU/lmr/bx/n/10 Platform| []
 []


Underfull \hbox (badness 10000) in paragraph at lines 43--44
[][]|\TU/lmr/bx/n/10 Methodology Align-[]
 []


Underfull \hbox (badness 10000) in paragraph at lines 45--45
[][]|\TU/lmr/m/n/10 Kubernetes orchestra-[]
 []


Underfull \hbox (badness 2435) in paragraph at lines 45--45
[]\TU/lmr/m/n/10 tion, High availability,[]
 []


Underfull \hbox (badness 10000) in paragraph at lines 45--46
[][]|\TU/lmr/m/n/10 GitOps automation for[]
 []


Underfull \hbox (badness 10000) in paragraph at lines 45--46
[]\TU/lmr/m/n/10 complex authentication[]
 []


Underfull \hbox (badness 10000) in paragraph at lines 45--46
[]\TU/lmr/m/n/10 workflows and security[]
 []


Underfull \hbox (badness 3942) in paragraph at lines 47--47
[]\TU/lmr/m/n/10 Transaction processing,[]
 []


Underfull \hbox (badness 10000) in paragraph at lines 47--48
[][]|\TU/lmr/m/n/10 GitOps self-healing for[]
 []


Underfull \hbox (badness 6094) in paragraph at lines 49--49
[][]|\TU/lmr/m/n/10 Product Ser-[]
 []


Underfull \hbox (badness 10000) in paragraph at lines 49--49
[][]|\TU/lmr/m/n/10 Platform optimization,[]
 []


Underfull \hbox (badness 10000) in paragraph at lines 49--49
[]\TU/lmr/m/n/10 Managed MongoDB,[]
 []


Underfull \hbox (badness 10000) in paragraph at lines 49--50
[][]|\TU/lmr/m/n/10 Traditional CI/CD sim-[]
 []


Underfull \hbox (badness 2894) in paragraph at lines 51--51
[]\TU/lmr/m/n/10 aged Redis, Container[]
 []


Underfull \hbox (badness 7486) in paragraph at lines 51--52
[][]|\TU/lmr/m/n/10 Traditional CI/CD with[]
 []


Underfull \hbox (badness 7133) in paragraph at lines 51--52
[]\TU/lmr/m/n/10 platform-managed scaling[]
 []


Overfull \hbox (8.82439pt too wide) in paragraph at lines 41--54
 [][][][] 
 []



[17]
File: figures/Resource-Constrained-Architecture-Strategy.png Graphic file (type
 bmp)
<figures/Resource-Constrained-Architecture-Strategy.png>


[18]
Overfull \hbox (20.20628pt too wide) in paragraph at lines 97--98
[][]\TU/lmr/m/n/12 Kustomize integration requirements encompassed overlay manag
ement for environment-[]
 []


Overfull \hbox (17.63472pt too wide) in paragraph at lines 104--104
[][]\TU/lmr/bx/n/14.4 Traditional CI/CD Implementation Requirements (Heroku[]
 []



[19]
Overfull \hbox (3.5031pt too wide) in paragraph at lines 131--132
[]\TU/lmr/m/n/12 Cross-methodology coordination encompassed deployment synchron
ization, dependency[]
 []


Overfull \hbox (7.50099pt too wide) in paragraph at lines 133--134
[][]\TU/lmr/m/n/12 Authentication propagation requirements included JWT token v
alidation and service-[]
 []



[20]
Underfull \hbox (badness 10000) in paragraph at lines 141--141
[][]|\TU/lmr/bx/n/10.95 Requirement[]
 []


Underfull \hbox (badness 10000) in paragraph at lines 141--141
[][]|\TU/lmr/bx/n/10.95 GitOps Implementation[]
 []


Underfull \hbox (badness 10000) in paragraph at lines 141--142
[][]|\TU/lmr/bx/n/10.95 Traditional CI/CD[]
 []


Underfull \hbox (badness 10000) in paragraph at lines 143--143
[][]|\TU/lmr/bx/n/10.95 Deployment[]
 []


Underfull \hbox (badness 10000) in paragraph at lines 143--143
[][]|\TU/lmr/m/n/10.95 Declarative configuration[]
 []


Underfull \hbox (badness 10000) in paragraph at lines 143--143
[]\TU/lmr/m/n/10.95 through Git repositories,[]
 []


Underfull \hbox (badness 10000) in paragraph at lines 143--144
[][]|\TU/lmr/m/n/10.95 Imperative deployment[]
 []


Underfull \hbox (badness 10000) in paragraph at lines 143--144
[]\TU/lmr/m/n/10.95 pipelines, GitHub Actions[]
 []


Underfull \hbox (badness 1248) in paragraph at lines 143--144
[]\TU/lmr/m/n/10.95 workflows, manual approval[]
 []


Overfull \hbox (4.54355pt too wide) in paragraph at lines 145--145
[][]|\TU/lmr/bx/n/10.95 Configuration[]
 []


Underfull \hbox (badness 1442) in paragraph at lines 145--145
[]\TU/lmr/m/n/10.95 Kubernetes manifests, Kus-[]
 []


Underfull \hbox (badness 1515) in paragraph at lines 145--146
[][]|\TU/lmr/m/n/10.95 Platform-as-a-Service config-[]
 []


Underfull \hbox (badness 10000) in paragraph at lines 147--147
[][]|\TU/lmr/bx/n/10.95 Automation[]
 []


Underfull \hbox (badness 5175) in paragraph at lines 147--147
[][]|\TU/lmr/m/n/10.95 Fully automated drift de-[]
 []


Underfull \hbox (badness 10000) in paragraph at lines 149--149
[][]|\TU/lmr/bx/n/10.95 Monitoring[]
 []


Underfull \hbox (badness 10000) in paragraph at lines 149--149
[]\TU/lmr/bx/n/10.95 Require-[]
 []


Underfull \hbox (badness 10000) in paragraph at lines 149--149
[][]|\TU/lmr/m/n/10.95 Kubernetes-native moni-[]
 []


Underfull \hbox (badness 2326) in paragraph at lines 149--149
[]\TU/lmr/m/n/10.95 toring, Prometheus metrics[]
 []


Underfull \hbox (badness 7595) in paragraph at lines 149--149
[]\TU/lmr/m/n/10.95 collection, ArgoCD health[]
 []


Underfull \hbox (badness 2318) in paragraph at lines 149--150
[][]|\TU/lmr/m/n/10.95 Heroku metrics integration,[]
 []


Underfull \hbox (badness 10000) in paragraph at lines 151--151
[][]|\TU/lmr/bx/n/10.95 Rollback[]
 []


Underfull \hbox (badness 10000) in paragraph at lines 151--152
[]\TU/lmr/m/n/10.95 platform-assisted recovery,[]
 []


Underfull \hbox (badness 10000) in paragraph at lines 153--153
[][]|\TU/lmr/bx/n/10.95 Security[]
 []


Underfull \hbox (badness 1052) in paragraph at lines 153--153
[][]|\TU/lmr/m/n/10.95 RBAC through Kubernetes,[]
 []


Underfull \hbox (badness 10000) in paragraph at lines 153--154
[][]|\TU/lmr/m/n/10.95 Platform-managed security,[]
 []


Underfull \hbox (badness 10000) in paragraph at lines 153--154
[]\TU/lmr/m/n/10.95 Heroku access controls,[]
 []


Underfull \hbox (badness 10000) in paragraph at lines 155--155
[][]|\TU/lmr/bx/n/10.95 Operational[]
 []



[21]

[22]

[23]) (chapters/04-design.tex

[24]

[25]
Chapter 4.

Overfull \hbox (4.81831pt too wide) in paragraph at lines 15--16
[]\TU/lmr/m/n/12 The TechMart platform implements a four-service microservices 
architecture with strate-[]
 []


Overfull \hbox (6.75496pt too wide) in paragraph at lines 27--27
[][]|\TU/lmr/bx/n/10 Complexity[]
 []


Underfull \hbox (badness 10000) in paragraph at lines 27--27
[][]|\TU/lmr/bx/n/10 Deployment[]
 []


Underfull \hbox (badness 10000) in paragraph at lines 29--29
[][]|\TU/lmr/m/n/10 Python FastAPI +[]
 []


Underfull \hbox (badness 10000) in paragraph at lines 29--30
[][]|\TU/lmr/m/n/10 Authentication,[]
 []


Underfull \hbox (badness 10000) in paragraph at lines 31--31
[][]|\TU/lmr/m/n/10 Python FastAPI +[]
 []


Underfull \hbox (badness 6094) in paragraph at lines 33--33
[][]|\TU/lmr/m/n/10 Product Ser-[]
 []


Underfull \hbox (badness 10000) in paragraph at lines 33--33
[][]|\TU/lmr/m/n/10 Node.js Express +[]
 []


Underfull \hbox (badness 10000) in paragraph at lines 33--33
[][]|\TU/lmr/m/n/10 Traditional[]
 []


Underfull \hbox (badness 10000) in paragraph at lines 33--34
[][]|\TU/lmr/m/n/10 Catalog manage-[]
 []


Underfull \hbox (badness 1603) in paragraph at lines 35--35
[][]|\TU/lmr/m/n/10 Java Spring Boot +[]
 []


Underfull \hbox (badness 10000) in paragraph at lines 35--35
[][]|\TU/lmr/m/n/10 Traditional[]
 []


Underfull \hbox (badness 10000) in paragraph at lines 35--36
[][]|\TU/lmr/m/n/10 Reactive streams,[]
 []


Overfull \hbox (8.8244pt too wide) in paragraph at lines 25--38
 [][][][] 
 []



[26

]
File: figures/chapter4/class-diagram.png Graphic file (type bmp)
<figures/chapter4/class-diagram.png>

Overfull \hbox (16.41829pt too wide) in paragraph at lines 49--50
[][]\TU/lmr/bx/n/12 Python FastAPI: \TU/lmr/m/n/12 Modern async framework for c
omplex business logic (User/Order[]
 []



[27]
File: figures/Complete-System-Architecture-Diagram.png Graphic file (type bmp)
<figures/Complete-System-Architecture-Diagram.png>

Overfull \hbox (9.80229pt too wide) in paragraph at lines 68--69
[]\TU/lmr/m/n/12 The microservices architecture implements sophisticated commun
ication patterns demon-[]
 []



[28]
Overfull \hbox (2.2023pt too wide) in paragraph at lines 131--132
[]\TU/lmr/m/n/12 proach provides the controlled experimental environment necess
ary for rigorous method-[]
 []



[29]
File: figures/chapter4/multi-cloud-infrastructure.png Graphic file (type bmp)
<figures/chapter4/multi-cloud-infrastructure.png>


[30]
File: figures/chapter4/argocd-application-details.png Graphic file (type bmp)
<figures/chapter4/argocd-application-details.png>
File: figures/chapter4/gke-cluster-architecture.png Graphic file (type bmp)
<figures/chapter4/gke-cluster-architecture.png>


[31]
Underfull \hbox (badness 10000) in paragraph at lines 188--188
[][]|\TU/lmr/bx/n/12 Memory[]
 []


Underfull \hbox (badness 10000) in paragraph at lines 188--188
[]\TU/lmr/bx/n/12 Re-[]
 []


Underfull \hbox (badness 10000) in paragraph at lines 188--188
[][]|\TU/lmr/bx/n/12 CPU Re-[]
 []


Underfull \hbox (badness 10000) in paragraph at lines 188--189
[][]|\TU/lmr/bx/n/12 Special Con-[]
 []


Underfull \hbox (badness 5203) in paragraph at lines 190--191
[][]|\TU/lmr/m/n/12 Kubernetes Se-[]
 []


Underfull \hbox (badness 10000) in paragraph at lines 192--192
[][]|\TU/lmr/m/n/12 Extended[]
 []


Underfull \hbox (badness 10000) in paragraph at lines 192--193
[][]|\TU/lmr/m/n/12 Multi-service[]
 []


Overfull \hbox (23.63278pt too wide) in paragraph at lines 186--195
 [][][][] 
 []

File: figures/chapter4/kubernetes-cluster-overview.png Graphic file (type bmp)
<figures/chapter4/kubernetes-cluster-overview.png>


[32]
Overfull \hbox (7.0703pt too wide) in paragraph at lines 208--209
[]\TU/lmr/m/n/12 ingress configuration demonstrates advanced routing patterns w
ith comprehensive CORS[]
 []

File: figures/chapter4/github-actions-workflows-overview.png Graphic file (type
 bmp)
<figures/chapter4/github-actions-workflows-overview.png>


[33]
Underfull \hbox (badness 10000) in paragraph at lines 245--246
[][]|\TU/lmr/m/n/12 NPM dependency man-[]
 []


Underfull \hbox (badness 10000) in paragraph at lines 247--248
[][]|\TU/lmr/m/n/12 Gradle caching, Spring[]
 []


Underfull \hbox (badness 10000) in paragraph at lines 247--248
[]\TU/lmr/m/n/12 Boot packaging, JVM[]
 []


Overfull \hbox (11.2328pt too wide) in paragraph at lines 241--250
 [][][][] 
 []

File: figures/chapter4/gitops-workflow-design.png Graphic file (type bmp)
<figures/chapter4/gitops-workflow-design.png>


[34]
File: figures/chapter4/traditional-cicd-workflow-design.png Graphic file (type 
bmp)
<figures/chapter4/traditional-cicd-workflow-design.png>
File: figures/chapter4/heroku-apps-overview.png Graphic file (type bmp)
<figures/chapter4/heroku-apps-overview.png>


[35]

[36]
File: figures/chapter4/argocd-git-repository-config.png Graphic file (type bmp)

<figures/chapter4/argocd-git-repository-config.png>

Overfull \hbox (3.48633pt too wide) in paragraph at lines 332--333
[]\TU/lmr/m/n/12 ment across multiple cloud platforms. The IaC implementation d
emonstrates enterprise-[]
 []



[37]
Overfull \hbox (10.05429pt too wide) in paragraph at lines 368--369
[]\TU/lmr/m/n/12 demonstrating enterprise-grade container orchestration with ad
vanced deployment strate-[]
 []


Overfull \hbox (1.32228pt too wide) in paragraph at lines 372--373
[]\TU/lmr/m/n/12 The GitOps services implement sophisticated Kubernetes Deploym
ent resources demon-[]
 []



[38]

[39]

[40]

[41]
Underfull \hbox (badness 4765) in paragraph at lines 507--507
[][]|\TU/lmr/bx/n/12 Data Characteris-[]
 []


Underfull \hbox (badness 10000) in paragraph at lines 509--509
[][]|\TU/lmr/m/n/12 Neon Post-[]
 []


Underfull \hbox (badness 2197) in paragraph at lines 509--509
[][]|\TU/lmr/m/n/12 Transactional, ACID[]
 []


Underfull \hbox (badness 10000) in paragraph at lines 509--510
[][]|\TU/lmr/m/n/12 Complex relation-[]
 []


Underfull \hbox (badness 10000) in paragraph at lines 511--512
[][]|\TU/lmr/m/n/12 Variable attributes,[]
 []


Underfull \hbox (badness 10000) in paragraph at lines 513--513
[][]|\TU/lmr/m/n/12 High-performance,[]
 []


Underfull \hbox (badness 10000) in paragraph at lines 513--514
[][]|\TU/lmr/m/n/12 Caching, temporary[]
 []


Overfull \hbox (11.2328pt too wide) in paragraph at lines 505--516
 [][][][] 
 []



[42]

[43]

[44]
Overfull \hbox (3.0303pt too wide) in paragraph at lines 617--618
[][]\TU/lmr/m/n/12 Detailed visibility into platform resource utilization acros
s Kubernetes and Heroku []
 []

File: figures/Research-Methodology-Framework.png Graphic file (type bmp)
<figures/Research-Methodology-Framework.png>


[45]
Overfull \hbox (17.2103pt too wide) in paragraph at lines 650--651
[]\TU/lmr/m/n/12 Phase 1 implements controlled single-service comparison establ
ishing fundamental method-[]
 []



[46]
File: figures/Complexity-Normalization-Process.png Graphic file (type bmp)
<figures/Complexity-Normalization-Process.png>

Overfull \hbox (11.1705pt too wide) in paragraph at lines 713--713
[][]|\TU/lmr/bx/n/12 Complexity[]
 []


Underfull \hbox (badness 10000) in paragraph at lines 713--713
[][]|\TU/lmr/bx/n/12 Normalized[]
 []


Underfull \hbox (badness 10000) in paragraph at lines 713--713
[]\TU/lmr/bx/n/12 Perfor-[]
 []


Underfull \hbox (badness 10000) in paragraph at lines 713--714
[][]|\TU/lmr/bx/n/12 Technology[]
 []


Underfull \hbox (badness 10000) in paragraph at lines 715--715
[][]|\TU/lmr/m/n/12 17.3s per[]
 []


Underfull \hbox (badness 10000) in paragraph at lines 715--716
[][]|\TU/lmr/m/n/12 Python +[]
 []


Underfull \hbox (badness 10000) in paragraph at lines 717--717
[][]|\TU/lmr/m/n/12 15.8s per[]
 []


Underfull \hbox (badness 10000) in paragraph at lines 721--721
[][]|\TU/lmr/m/n/12 12.4s per[]
 []



[47]

[48]
Overfull \hbox (14.26631pt too wide) in paragraph at lines 796--797
[]\TU/lmr/m/n/12 The research implements comprehensive performance attribution 
separating methodology-[]
 []



[49]
Underfull \hbox (badness 10000) in paragraph at lines 805--805
[][]|\TU/lmr/bx/n/12 Performance Fac-[]
 []


Underfull \hbox (badness 10000) in paragraph at lines 805--806
[][]|\TU/lmr/bx/n/12 Optimization Po-[]
 []


Underfull \hbox (badness 7851) in paragraph at lines 807--807
[][]|\TU/lmr/m/n/12 Authentication Con-[]
 []


Underfull \hbox (badness 2990) in paragraph at lines 807--808
[][]|\TU/lmr/m/n/12 30-40% improvement[]
 []


Underfull \hbox (badness 10000) in paragraph at lines 811--811
[][]|\TU/lmr/m/n/12 Pure Methodology[]
 []


Underfull \hbox (badness 10000) in paragraph at lines 811--811
[][]|\TU/lmr/m/n/12 Deployment-[]
 []


Underfull \hbox (badness 10000) in paragraph at lines 811--812
[][]|\TU/lmr/m/n/12 Architecture trade-[]
 []


Overfull \hbox (11.2328pt too wide) in paragraph at lines 803--814
 [][][][] 
 []


Overfull \hbox (7.81432pt too wide) in paragraph at lines 826--827
[]\TU/lmr/m/n/12 The research validates industry-first zero-overhead hybrid arc
hitecture feasibility through[]
 []



[50]) (chapters/05-implementation.tex

[51]

[52]
Chapter 5.

Underfull \hbox (badness 10000) in paragraph at lines 27--27
[][]|\TU/lmr/bx/n/12 Deployment[]
 []


Underfull \hbox (badness 10000) in paragraph at lines 29--29
[][]|\TU/lmr/m/n/12 Google Kuber-[]
 []


Underfull \hbox (badness 4328) in paragraph at lines 29--29
[][]|\TU/lmr/m/n/12 GitOps + Ar-[]
 []


Underfull \hbox (badness 10000) in paragraph at lines 29--30
[]\TU/lmr/m/n/12 declarative management,[]
 []


Underfull \hbox (badness 10000) in paragraph at lines 31--31
[][]|\TU/lmr/m/n/12 Heroku Con-[]
 []


Underfull \hbox (badness 10000) in paragraph at lines 31--31
[][]|\TU/lmr/m/n/12 Product, Cart[]
 []


Underfull \hbox (badness 10000) in paragraph at lines 31--31
[][]|\TU/lmr/m/n/12 Traditional[]
 []


Underfull \hbox (badness 10000) in paragraph at lines 33--33
[][]|\TU/lmr/m/n/12 Neon Post-[]
 []


Underfull \hbox (badness 10000) in paragraph at lines 33--33
[][]|\TU/lmr/m/n/12 Managed rela-[]
 []


Underfull \hbox (badness 3449) in paragraph at lines 35--35
[][]|\TU/lmr/m/n/12 Managed docu-[]
 []


Underfull \hbox (badness 10000) in paragraph at lines 37--37
[][]|\TU/lmr/m/n/12 Cart, Order[]
 []


Underfull \hbox (badness 10000) in paragraph at lines 37--37
[][]|\TU/lmr/m/n/12 Managed in-[]
 []


Underfull \hbox (badness 10000) in paragraph at lines 37--38
[]\TU/lmr/m/n/12 management, distributed[]
 []


Underfull \hbox (badness 2717) in paragraph at lines 39--39
[][]|\TU/lmr/m/n/12 Frontend appli-[]
 []


Underfull \hbox (badness 10000) in paragraph at lines 39--39
[][]|\TU/lmr/m/n/12 Serverless de-[]
 []


Overfull \hbox (11.2328pt too wide) in paragraph at lines 25--42
 [][][][] 
 []



[53

]
File: figures/Infrastructure-Deployment-Diagram.png Graphic file (type bmp)
<figures/Infrastructure-Deployment-Diagram.png>
File: figures/Infrastructure-Deployment-Diagram.png Graphic file (type bmp)
<figures/Infrastructure-Deployment-Diagram.png>


[54]
Overfull \hbox (5.8648pt too wide) in paragraph at lines 61--62
[][]\TU/lmr/bx/n/12 Traditional CI/CD Platform (Heroku): \TU/lmr/m/n/12 Optimal
 for demonstrating platform-[]
 []



[55]
File: figures/chapter5/argocd-deployment-sync.png Graphic file (type bmp)
<figures/chapter5/argocd-deployment-sync.png>
File: figures/chapter5/argocd-deployment-history.png Graphic file (type bmp)
<figures/chapter5/argocd-deployment-history.png>


[56]

[57]
File: figures/chapter5/heroku-deployment-logs.png Graphic file (type bmp)
<figures/chapter5/heroku-deployment-logs.png>


[58]
File: figures/chapter5/postgresql-database-user-tables.png Graphic file (type b
mp)
<figures/chapter5/postgresql-database-user-tables.png>
File: figures/chapter5/postgresql-database-order-tables.png Graphic file (type 
bmp)
<figures/chapter5/postgresql-database-order-tables.png>
File: figures/chapter5/mongodb-collections.png Graphic file (type bmp)
<figures/chapter5/mongodb-collections.png>


[59]
File: figures/chapter5/redis-cache-data.png Graphic file (type bmp)
<figures/chapter5/redis-cache-data.png>


[60]

[61]
Underfull \hbox (badness 10000) in paragraph at lines 267--267
[][]|\TU/lmr/bx/n/12 Technology[]
 []


Overfull \hbox (11.1705pt too wide) in paragraph at lines 267--267
[][]|\TU/lmr/bx/n/12 Complexity[]
 []


Underfull \hbox (badness 10000) in paragraph at lines 267--267
[][]|\TU/lmr/bx/n/12 Key Imple-[]
 []


Underfull \hbox (badness 10000) in paragraph at lines 267--267
[]\TU/lmr/bx/n/12 mentation[]
 []


Underfull \hbox (badness 7308) in paragraph at lines 269--269
[][]|\TU/lmr/m/n/12 JWT authenti-[]
 []


Underfull \hbox (badness 6110) in paragraph at lines 269--269
[]\TU/lmr/m/n/12 cation, RBAC,[]
 []


Underfull \hbox (badness 10000) in paragraph at lines 269--270
[][]|\TU/lmr/m/n/12 Authentication[]
 []


Underfull \hbox (badness 10000) in paragraph at lines 271--271
[][]|\TU/lmr/m/n/12 Multi-database[]
 []


Underfull \hbox (badness 10000) in paragraph at lines 271--271
[]\TU/lmr/m/n/12 integration,[]
 []


Underfull \hbox (badness 10000) in paragraph at lines 271--271
[]\TU/lmr/m/n/12 complex trans-[]
 []


Underfull \hbox (badness 2065) in paragraph at lines 273--273
[][]|\TU/lmr/m/n/12 Product Ser-[]
 []


Underfull \hbox (badness 10000) in paragraph at lines 273--273
[][]|\TU/lmr/m/n/12 Catalog man-[]
 []


Underfull \hbox (badness 10000) in paragraph at lines 275--275
[][]|\TU/lmr/m/n/12 Java Spring[]
 []


Underfull \hbox (badness 10000) in paragraph at lines 275--275
[][]|\TU/lmr/m/n/12 Reactive pro-[]
 []


Underfull \hbox (badness 10000) in paragraph at lines 275--275
[]\TU/lmr/m/n/12 performance[]
 []


Underfull \hbox (badness 10000) in paragraph at lines 275--276
[][]|\TU/lmr/m/n/12 Technology stack[]
 []


Overfull \hbox (23.63278pt too wide) in paragraph at lines 265--278
 [][][][] 
 []


Overfull \hbox (16.6903pt too wide) in paragraph at lines 284--285
[][]\TU/lmr/bx/n/12 Java Spring Boot: \TU/lmr/m/n/12 Implemented for reactive p
rogramming patterns and enterprise-[]
 []


Overfull \hbox (20.13521pt too wide) in paragraph at lines 285--286
[][]\TU/lmr/bx/n/12 Database Diversity: \TU/lmr/m/n/12 PostgreSQL (ACID complia
nce), MongoDB (flexible schema),[]
 []

File: figures/chapter5/techmart-products-catalog.png Graphic file (type bmp)
<figures/chapter5/techmart-products-catalog.png>


[62]
File: figures/chapter5/techmart-product-details.png Graphic file (type bmp)
<figures/chapter5/techmart-product-details.png>


[63]

[64]

[65]

[66]
Overfull \hbox (7.41164pt too wide) in paragraph at lines 409--411
[]\TU/lmr/m/n/12 65% of performance differences. This finding challenges assump
tions about methodology-[]
 []

File: figures/chapter5/techmart-shopping-cart.png Graphic file (type bmp)
<figures/chapter5/techmart-shopping-cart.png>


[67]
File: figures/chapter5/techmart-user-dashboard.png Graphic file (type bmp)
<figures/chapter5/techmart-user-dashboard.png>
File: figures/chapter5/techmart-user-orders.png Graphic file (type bmp)
<figures/chapter5/techmart-user-orders.png>


[68]

[69]
File: figures/chapter5/techmart-admin-dashboard.png Graphic file (type bmp)
<figures/chapter5/techmart-admin-dashboard.png>
File: figures/chapter5/techmart-user-management.png Graphic file (type bmp)
<figures/chapter5/techmart-user-management.png>


[70]
File: figures/chapter5/techmart-order-management.png Graphic file (type bmp)
<figures/chapter5/techmart-order-management.png>


[71]
Overfull \hbox (0.193pt too wide) in paragraph at lines 515--516
[]\TU/lmr/m/n/12 The GitHub Actions implementation provides comprehensive CI/CD
 automation across[]
 []


Underfull \hbox (badness 10000) in paragraph at lines 537--538
[][]|\TU/lmr/bx/n/12 Research Instru-[]
 []


Underfull \hbox (badness 10000) in paragraph at lines 539--539
[][]|\TU/lmr/m/n/12 User Service[]
 []


Underfull \hbox (badness 10000) in paragraph at lines 539--539
[][]|\TU/lmr/m/n/12 Python FastAPI,[]
 []


Underfull \hbox (badness 10000) in paragraph at lines 539--540
[][]|\TU/lmr/m/n/12 Complexity score[]
 []


Underfull \hbox (badness 10000) in paragraph at lines 539--540
[]\TU/lmr/m/n/12 7.8/10, Grafana[]
 []


Underfull \hbox (badness 10000) in paragraph at lines 541--541
[][]|\TU/lmr/m/n/12 Order Service[]
 []


Underfull \hbox (badness 10000) in paragraph at lines 541--541
[]\TU/lmr/m/n/12 extended testing,[]
 []


Underfull \hbox (badness 10000) in paragraph at lines 541--542
[][]|\TU/lmr/m/n/12 Complexity score[]
 []


Overfull \hbox (11.2328pt too wide) in paragraph at lines 535--544
 [][][][] 
 []


Overfull \hbox (15.05829pt too wide) in paragraph at lines 549--550
[][]\TU/lmr/m/n/12 Docker image creation with research-specific tagging (task1a
-improved-SHA, task1b-[]
 []


Underfull \hbox (badness 10000) in paragraph at lines 564--565
[][]|\TU/lmr/bx/n/12 Research Instru-[]
 []


Underfull \hbox (badness 10000) in paragraph at lines 566--567
[][]|\TU/lmr/m/n/12 Complexity score[]
 []


Underfull \hbox (badness 10000) in paragraph at lines 568--568
[][]|\TU/lmr/m/n/12 Cart Service[]
 []


Underfull \hbox (badness 10000) in paragraph at lines 568--568
[][]|\TU/lmr/m/n/12 Java Spring Boot,[]
 []


Underfull \hbox (badness 10000) in paragraph at lines 568--569
[][]|\TU/lmr/m/n/12 Complexity score[]
 []


Underfull \hbox (badness 10000) in paragraph at lines 568--569
[]\TU/lmr/m/n/12 7.5/10, JVM opti-[]
 []


Overfull \hbox (11.2328pt too wide) in paragraph at lines 562--571
 [][][][] 
 []



[72]
File: figures/chapter5/github-actions-running.png Graphic file (type bmp)
<figures/chapter5/github-actions-running.png>
File: figures/chapter5/docker-images-registry.png Graphic file (type bmp)
<figures/chapter5/docker-images-registry.png>


[73]
Overfull \hbox (14.7863pt too wide) in paragraph at lines 599--600
[]\TU/lmr/m/n/12 The pipeline implementations enable direct methodology perform
ance comparison through[]
 []


Underfull \hbox (badness 10000) in paragraph at lines 609--609
[][]|\TU/lmr/bx/n/12 Technology[]
 []


Underfull \hbox (badness 10000) in paragraph at lines 609--609
[][]|\TU/lmr/bx/n/12 Complexity[]
 []


Underfull \hbox (badness 10000) in paragraph at lines 609--609
[][]|\TU/lmr/bx/n/12 Normalized[]
 []


Underfull \hbox (badness 10000) in paragraph at lines 609--609
[]\TU/lmr/bx/n/12 Perfor-[]
 []


Underfull \hbox (badness 10000) in paragraph at lines 609--610
[][]|\TU/lmr/bx/n/12 Efficiency[]
 []


Underfull \hbox (badness 10000) in paragraph at lines 611--612
[][]|\TU/lmr/m/n/12 Highest effi-[]
 []


Underfull \hbox (badness 10000) in paragraph at lines 613--613
[][]|\TU/lmr/m/n/12 12.4s per[]
 []


Underfull \hbox (badness 10000) in paragraph at lines 613--614
[][]|\TU/lmr/m/n/12 Platform opti-[]
 []


Underfull \hbox (badness 10000) in paragraph at lines 615--615
[][]|\TU/lmr/m/n/12 15.8s per[]
 []


Underfull \hbox (badness 10000) in paragraph at lines 617--617
[][]|\TU/lmr/m/n/12 Python +[]
 []


Underfull \hbox (badness 10000) in paragraph at lines 617--617
[][]|\TU/lmr/m/n/12 17.3s per[]
 []


Underfull \hbox (badness 10000) in paragraph at lines 617--618
[][]|\TU/lmr/m/n/12 Dual depen-[]
 []



[74]

[75]
Overfull \hbox (2.4223pt too wide) in paragraph at lines 681--682
[]\TU/lmr/m/n/12 The workflow implementations include comprehensive performance
 measurement frame-[]
 []



[76]

[77]
File: figures/Database-Architecture-Diagram.png Graphic file (type bmp)
<figures/Database-Architecture-Diagram.png>


[78]
Overfull \hbox (2.6543pt too wide) in paragraph at lines 754--755
[]\TU/lmr/m/n/12 The database provisioning leverages cloud-native managed servi
ces providing enterprise-[]
 []


Overfull \hbox (18.4911pt too wide) in paragraph at lines 758--759
[]\TU/lmr/m/n/12 forcement, and asynchronous SQLAlchemy connection pooling opti
mized for FastAPI[]
 []


Overfull \hbox (11.793pt too wide) in paragraph at lines 772--773
[]\TU/lmr/m/n/12 The PostgreSQL schema implementation demonstrates comprehensiv
e relational database[]
 []


Overfull \hbox (6.74391pt too wide) in paragraph at lines 776--777
[]\TU/lmr/m/n/12 tials, account status tracking using enum-based state manageme
nt (active, blocked,[]
 []



[79]
Overfull \hbox (4.521pt too wide) in paragraph at lines 790--791
[]\TU/lmr/m/n/12 The MongoDB schema implementation demonstrates comprehensive d
ocument database[]
 []



[80]
Overfull \hbox (2.24629pt too wide) in paragraph at lines 819--820
[]\TU/lmr/m/n/12 The multi-service architecture implements sophisticated data i
ntegration patterns main-[]
 []


Overfull \hbox (1.24101pt too wide) in paragraph at lines 827--828
[][]\TU/lmr/bx/n/12 Inventory Management: \TU/lmr/m/n/12 Product Service update
s MongoDB inventory records[]
 []



[81]

[82]) (chapters/06-results.tex

[83]
Chapter 6.


[84

]
Overfull \hbox (6.75496pt too wide) in paragraph at lines 30--30
[][]|\TU/lmr/bx/n/10 Complexity[]
 []


Underfull \hbox (badness 10000) in paragraph at lines 30--30
[][]|\TU/lmr/bx/n/10 Deployment[]
 []


Underfull \hbox (badness 10000) in paragraph at lines 32--32
[][]|\TU/lmr/m/n/10 Python FastAPI +[]
 []


Underfull \hbox (badness 10000) in paragraph at lines 32--33
[][]|\TU/lmr/m/n/10 Authentication,[]
 []


Underfull \hbox (badness 10000) in paragraph at lines 34--34
[][]|\TU/lmr/m/n/10 Python FastAPI +[]
 []


Underfull \hbox (badness 6094) in paragraph at lines 36--36
[][]|\TU/lmr/m/n/10 Product Ser-[]
 []


Underfull \hbox (badness 10000) in paragraph at lines 36--36
[][]|\TU/lmr/m/n/10 Node.js Express +[]
 []


Underfull \hbox (badness 10000) in paragraph at lines 36--36
[][]|\TU/lmr/m/n/10 Traditional[]
 []


Underfull \hbox (badness 10000) in paragraph at lines 36--37
[][]|\TU/lmr/m/n/10 Catalog manage-[]
 []


Underfull \hbox (badness 1603) in paragraph at lines 38--38
[][]|\TU/lmr/m/n/10 Java Spring Boot +[]
 []


Underfull \hbox (badness 10000) in paragraph at lines 38--38
[][]|\TU/lmr/m/n/10 Traditional[]
 []


Underfull \hbox (badness 10000) in paragraph at lines 38--39
[][]|\TU/lmr/m/n/10 Reactive streams,[]
 []


Overfull \hbox (8.8244pt too wide) in paragraph at lines 28--41
 [][][][] 
 []

File: figures/Performance-Comparison-Charts.png Graphic file (type bmp)
<figures/Performance-Comparison-Charts.png>


[85]
Overfull \hbox (10.44391pt too wide) in paragraph at lines 86--87
[]\TU/lmr/m/n/12 comparison across 20 controlled test scenarios (August 2-3, 20
25), eliminating complexity-[]
 []


Overfull \hbox (11.1705pt too wide) in paragraph at lines 107--107
[][]|\TU/lmr/bx/n/12 Complexity[]
 []


Underfull \hbox (badness 10000) in paragraph at lines 107--107
[][]|\TU/lmr/bx/n/12 Normalized[]
 []


Underfull \hbox (badness 10000) in paragraph at lines 107--107
[]\TU/lmr/bx/n/12 Perfor-[]
 []


Underfull \hbox (badness 10000) in paragraph at lines 109--109
[][]|\TU/lmr/m/n/12 17.3s per[]
 []


Underfull \hbox (badness 1286) in paragraph at lines 109--110
[][]|\TU/lmr/m/n/12 Python + Pipenv[]
 []


Underfull \hbox (badness 10000) in paragraph at lines 111--111
[][]|\TU/lmr/m/n/12 15.8s per[]
 []


Underfull \hbox (badness 10000) in paragraph at lines 111--112
[][]|\TU/lmr/m/n/12 Python + Pip[]
 []


Underfull \hbox (badness 10000) in paragraph at lines 113--114
[][]|\TU/lmr/m/n/12 Java + Gradle[]
 []


Underfull \hbox (badness 10000) in paragraph at lines 115--115
[][]|\TU/lmr/m/n/12 12.4s per[]
 []


Underfull \hbox (badness 10000) in paragraph at lines 115--116
[][]|\TU/lmr/m/n/12 Node.js + npm[]
 []


Overfull \hbox (9.4064pt too wide) in paragraph at lines 105--118
 [][][][] 
 []



[86]

[87]
Underfull \hbox (badness 10000) in paragraph at lines 172--172
[][]|\TU/lmr/bx/n/12 Performance Fac-[]
 []


Overfull \hbox (5.30812pt too wide) in paragraph at lines 172--172
[][]|\TU/lmr/bx/n/12 Contribution| []
 []


Underfull \hbox (badness 10000) in paragraph at lines 172--173
[][]|\TU/lmr/bx/n/12 Optimization Strat-[]
 []


Underfull \hbox (badness 7851) in paragraph at lines 174--174
[][]|\TU/lmr/m/n/12 Authentication Con-[]
 []


Underfull \hbox (badness 10000) in paragraph at lines 176--177
[][]|\TU/lmr/m/n/12 Platform alignment[]
 []


Underfull \hbox (badness 10000) in paragraph at lines 178--178
[][]|\TU/lmr/m/n/12 Pure Methodology[]
 []


Underfull \hbox (badness 10000) in paragraph at lines 178--178
[][]|\TU/lmr/m/n/12 Deployment-[]
 []


Underfull \hbox (badness 10000) in paragraph at lines 178--179
[][]|\TU/lmr/m/n/12 Architecture optimiza-[]
 []


Overfull \hbox (11.2328pt too wide) in paragraph at lines 170--181
 [][][][] 
 []



[88]

[89]
Underfull \hbox (badness 10000) in paragraph at lines 269--269
[][]|\TU/lmr/bx/n/12 Statistical[]
 []


Underfull \hbox (badness 10000) in paragraph at lines 269--269
[][]|\TU/lmr/bx/n/12 Effect[]
 []


Underfull \hbox (badness 1622) in paragraph at lines 269--270
[][]|\TU/lmr/bx/n/12 Practical Sig-[]
 []


Underfull \hbox (badness 10000) in paragraph at lines 271--271
[][]|\TU/lmr/m/n/12 Mann-[]
 []


Underfull \hbox (badness 10000) in paragraph at lines 271--271
[]\TU/lmr/m/n/12 Whitney[]
 []


Underfull \hbox (badness 10000) in paragraph at lines 271--272
[][]|\TU/lmr/m/n/12 Perfect separa-[]
 []


Underfull \hbox (badness 10000) in paragraph at lines 273--273
[][]|\TU/lmr/m/n/12 Two-sample[]
 []


Underfull \hbox (badness 10000) in paragraph at lines 275--275
[][]|\TU/lmr/m/n/12 Two-sample[]
 []


Underfull \hbox (badness 10000) in paragraph at lines 277--277
[][]|\TU/lmr/m/n/12 Two-sample[]
 []


Underfull \hbox (badness 10000) in paragraph at lines 277--278
[][]|\TU/lmr/m/n/12 No significant[]
 []


Underfull \hbox (badness 10000) in paragraph at lines 279--279
[][]|\TU/lmr/m/n/12 Regression[]
 []


Underfull \hbox (badness 1132) in paragraph at lines 279--280
[][]|\TU/lmr/m/n/12 Strong relation-[]
 []


Overfull \hbox (9.4064pt too wide) in paragraph at lines 267--282
 [][][][] 
 []



[90]
File: figures/Statistical-Analysis-Results.png Graphic file (type bmp)
<figures/Statistical-Analysis-Results.png>

Missing character: There is no α in font [lmroman12-regular]:mapping=tex-text;!


[91]

[92]

[93]
Missing character: There is no β in font [lmroman12-regular]:mapping=tex-text;!


[94]
Overfull \hbox (15.07112pt too wide) in paragraph at lines 454--455
[]\TU/lmr/m/n/12 performance constraint, contributing 65% of methodology perfor
mance differences through[]
 []


Underfull \hbox (badness 10000) in paragraph at lines 474--474
[][]|\TU/lmr/bx/n/12 Performance[]
 []


Underfull \hbox (badness 10000) in paragraph at lines 474--474
[][]|\TU/lmr/bx/n/12 Optimization[]
 []


Underfull \hbox (badness 10000) in paragraph at lines 474--475
[][]|\TU/lmr/bx/n/12 Implementation[]
 []


Underfull \hbox (badness 10000) in paragraph at lines 476--476
[][]|\TU/lmr/m/n/12 30-40% reduc-[]
 []


Underfull \hbox (badness 10000) in paragraph at lines 478--478
[][]|\TU/lmr/m/n/12 Universal im-[]
 []


Underfull \hbox (badness 1616) in paragraph at lines 478--479
[][]|\TU/lmr/m/n/12 Independent of deploy-[]
 []


Underfull \hbox (badness 10000) in paragraph at lines 480--480
[][]|\TU/lmr/m/n/12 1,000-[]
 []


Underfull \hbox (badness 10000) in paragraph at lines 480--480
[]\TU/lmr/m/n/12 1,200ms[]
 []


Underfull \hbox (badness 4479) in paragraph at lines 480--480
[][]|\TU/lmr/m/n/12 Sub-500ms tar-[]
 []


Underfull \hbox (badness 5245) in paragraph at lines 482--482
[][]|\TU/lmr/m/n/12 Revenue im-[]
 []


Underfull \hbox (badness 3965) in paragraph at lines 482--483
[][]|\TU/lmr/m/n/12 Session caching imple-[]
 []



[95]
File: figures/Authentication-Bottleneck-Analysis.png Graphic file (type bmp)
<figures/Authentication-Bottleneck-Analysis.png>


[96]

[97]
Overfull \hbox (4.6583pt too wide) in paragraph at lines 510--511
[][]\TU/lmr/bx/n/12 Performance Optimization: \TU/lmr/m/n/12 Session caching re
ducing authentication frequency []
 []


Underfull \hbox (badness 10000) in paragraph at lines 529--529
[][]|\TU/lmr/bx/n/12 Performance Fac-[]
 []


Underfull \hbox (badness 10000) in paragraph at lines 529--529
[][]|\TU/lmr/bx/n/12 Optimization[]
 []


Overfull \hbox (7.96574pt too wide) in paragraph at lines 529--530
[][]|\TU/lmr/bx/n/12 Implementation[]
 []


Underfull \hbox (badness 7851) in paragraph at lines 531--531
[][]|\TU/lmr/m/n/12 Authentication Con-[]
 []


Underfull \hbox (badness 6944) in paragraph at lines 531--531
[][]|\TU/lmr/m/n/12 bcrypt optimization,[]
 []


Underfull \hbox (badness 4013) in paragraph at lines 531--532
[][]|\TU/lmr/m/n/12 Immediate (1-2[]
 []


Underfull \hbox (badness 10000) in paragraph at lines 533--533
[][]|\TU/lmr/m/n/12 Service-[]
 []


Underfull \hbox (badness 10000) in paragraph at lines 533--533
[][]|\TU/lmr/m/n/12 Platform alignment,[]
 []


Underfull \hbox (badness 10000) in paragraph at lines 533--534
[][]|\TU/lmr/m/n/12 Strategic (1-3[]
 []


Underfull \hbox (badness 10000) in paragraph at lines 535--535
[][]|\TU/lmr/m/n/12 Pure Methodology[]
 []


Underfull \hbox (badness 10000) in paragraph at lines 535--535
[][]|\TU/lmr/m/n/12 Deployment-[]
 []


Underfull \hbox (badness 5637) in paragraph at lines 535--536
[][]|\TU/lmr/m/n/12 Long-term (3-6[]
 []


Overfull \hbox (66.31192pt too wide) in paragraph at lines 527--538
 [][][][] 
 []


Overfull \hbox (44.0743pt too wide) in paragraph at lines 550--551
[][]\TU/lmr/bx/n/12 Performance Hierarchy: \TU/lmr/m/n/12 Java/Gradle > Node.js
/npm > Python/pip > Python/pipenv []
 []



[98]
Overfull \hbox (2.80725pt too wide) in paragraph at lines 579--579
[][]|\TU/lmr/bx/n/12 Rank| []
 []


Underfull \hbox (badness 10000) in paragraph at lines 579--579
[][]|\TU/lmr/bx/n/12 Technology[]
 []


Underfull \hbox (badness 10000) in paragraph at lines 579--579
[][]|\TU/lmr/bx/n/12 Build Dura-[]
 []


Underfull \hbox (badness 10000) in paragraph at lines 579--580
[][]|\TU/lmr/bx/n/12 Optimization[]
 []


Underfull \hbox (badness 10000) in paragraph at lines 583--584
[][]|\TU/lmr/m/n/12 Platform optimiza-[]
 []


Underfull \hbox (badness 10000) in paragraph at lines 585--586
[][]|\TU/lmr/m/n/12 Reasonable perfor-[]
 []


Underfull \hbox (badness 10000) in paragraph at lines 585--586
[]\TU/lmr/m/n/12 mance, compilation[]
 []


Underfull \hbox (badness 10000) in paragraph at lines 587--587
[][]|\TU/lmr/m/n/12 Python +[]
 []


Underfull \hbox (badness 10000) in paragraph at lines 587--588
[][]|\TU/lmr/m/n/12 Dual dependency[]
 []


Overfull \hbox (9.4064pt too wide) in paragraph at lines 577--590
 [][][][] 
 []

File: figures/Technology-Stack-Performance-Hierarchy.png Graphic file (type bmp
)
<figures/Technology-Stack-Performance-Hierarchy.png>


[99]
Overfull \hbox (0.1583pt too wide) in paragraph at lines 603--604
[][]\TU/lmr/bx/n/12 Enterprise Capabilities: \TU/lmr/m/n/12 Comprehensive frame
work with production optimiza-[]
 []


Overfull \hbox (2.76233pt too wide) in paragraph at lines 618--619
[][]\TU/lmr/bx/n/12 pipenv Overhead: \TU/lmr/m/n/12 18.2 seconds per complexity
 point (dual dependency penalty) []
 []



[100]
Overfull \hbox (22.2223pt too wide) in paragraph at lines 638--639
[]\TU/lmr/m/n/12 Definitive separation of configuration-driven performance char
acteristics from methodology-[]
 []



[101]
Overfull \hbox (2.4983pt too wide) in paragraph at lines 682--683
[][]\TU/lmr/bx/n/12 Audit Trail Generation: \TU/lmr/m/n/12 Comprehensive loggin
g with operational transparency []
 []



[102]
Overfull \hbox (2.33028pt too wide) in paragraph at lines 750--751
[]\TU/lmr/m/n/12 for optimization priorities while maintaining honest assessmen
t of methodology-inherent[]
 []



[103]
Underfull \hbox (badness 10000) in paragraph at lines 774--774
[][]|\TU/lmr/bx/n/12 Recommended[]
 []


Underfull \hbox (badness 10000) in paragraph at lines 774--775
[][]|\TU/lmr/bx/n/12 Implementation[]
 []


Underfull \hbox (badness 1259) in paragraph at lines 776--776
[][]|\TU/lmr/m/n/12 Small (< 10[]
 []


Underfull \hbox (badness 3417) in paragraph at lines 776--776
[][]|\TU/lmr/m/n/12 2.3x build speed,[]
 []


Underfull \hbox (badness 10000) in paragraph at lines 776--776
[]\TU/lmr/m/n/12 operational sim-[]
 []


Underfull \hbox (badness 3323) in paragraph at lines 776--776
[]\TU/lmr/m/n/12 plicity, immediate[]
 []


Underfull \hbox (badness 10000) in paragraph at lines 776--777
[][]|\TU/lmr/m/n/12 Authentication opti-[]
 []


Underfull \hbox (badness 1546) in paragraph at lines 778--778
[][]|\TU/lmr/m/n/12 Medium (10-[]
 []


Underfull \hbox (badness 10000) in paragraph at lines 778--778
[][]|\TU/lmr/m/n/12 Hybrid Architec-[]
 []


Underfull \hbox (badness 10000) in paragraph at lines 778--778
[][]|\TU/lmr/m/n/12 Zero-overhead in-[]
 []


Underfull \hbox (badness 5133) in paragraph at lines 778--778
[]\TU/lmr/m/n/12 optimization, risk[]
 []


Underfull \hbox (badness 10000) in paragraph at lines 780--780
[][]|\TU/lmr/m/n/12 Large (50+[]
 []


Underfull \hbox (badness 10000) in paragraph at lines 780--780
[][]|\TU/lmr/m/n/12 100% automation[]
 []


Underfull \hbox (badness 10000) in paragraph at lines 780--780
[]\TU/lmr/m/n/12 ROI, operational[]
 []


Underfull \hbox (badness 10000) in paragraph at lines 780--780
[]\TU/lmr/m/n/12 scalability, com-[]
 []


Underfull \hbox (badness 10000) in paragraph at lines 780--781
[][]|\TU/lmr/m/n/12 Enterprise transfor-[]
 []


Underfull \hbox (badness 10000) in paragraph at lines 782--782
[][]|\TU/lmr/m/n/12 Mission-[]
 []


Underfull \hbox (badness 10000) in paragraph at lines 782--782
[]\TU/lmr/m/n/12 self-healing, 24/7[]
 []


Underfull \hbox (badness 10000) in paragraph at lines 782--783
[][]|\TU/lmr/m/n/12 Operational excel-[]
 []



[104]

[105]

[106]

[107]

[108]
Overfull \hbox (11.2343pt too wide) in paragraph at lines 960--961
[][]\TU/lmr/bx/n/12 Performance Monitoring: \TU/lmr/m/n/12 Cross-methodology vi
sibility with optimization track-[]
 []



[109]) (chapters/07-conclusion.tex

[110]
Chapter 7.

Underfull \hbox (badness 10000) in paragraph at lines 22--22
[][]|\TU/lmr/bx/n/12 Performance[]
 []


Underfull \hbox (badness 10000) in paragraph at lines 22--22
[][]|\TU/lmr/bx/n/12 Traditional[]
 []


Underfull \hbox (badness 10000) in paragraph at lines 22--22
[][]|\TU/lmr/bx/n/12 Statistical[]
 []


Underfull \hbox (badness 3590) in paragraph at lines 22--23
[][]|\TU/lmr/bx/n/12 Practical Im-[]
 []


Underfull \hbox (badness 10000) in paragraph at lines 24--24
[][]|\TU/lmr/m/n/12 Build Perfor-[]
 []


Underfull \hbox (badness 10000) in paragraph at lines 26--26
[][]|\TU/lmr/m/n/12 Automation[]
 []


Underfull \hbox (badness 1655) in paragraph at lines 26--26
[][]|\TU/lmr/m/n/12 Perfect sepa-[]
 []


Underfull \hbox (badness 10000) in paragraph at lines 26--27
[][]|\TU/lmr/m/n/12 Operational[]
 []


Underfull \hbox (badness 10000) in paragraph at lines 28--28
[][]|\TU/lmr/m/n/12 Manual Inter-[]
 []


Underfull \hbox (badness 10000) in paragraph at lines 28--28
[][]|\TU/lmr/m/n/12 Complete[]
 []


Underfull \hbox (badness 10000) in paragraph at lines 28--29
[][]|\TU/lmr/m/n/12 Human bottle-[]
 []


Underfull \hbox (badness 7869) in paragraph at lines 30--30
[][]|\TU/lmr/m/n/12 23-37s auto-[]
 []


Underfull \hbox (badness 10000) in paragraph at lines 30--31
[][]|\TU/lmr/m/n/12 Business conti-[]
 []


Underfull \hbox (badness 10000) in paragraph at lines 32--32
[][]|\TU/lmr/m/n/12 Performance[]
 []


Underfull \hbox (badness 10000) in paragraph at lines 32--33
[][]|\TU/lmr/m/n/12 Operational[]
 []


Overfull \hbox (23.63278pt too wide) in paragraph at lines 20--35
 [][][][] 
 []



[111

]
Overfull \hbox (13.01831pt too wide) in paragraph at lines 39--40
[][]\TU/lmr/bx/n/12 Configuration-Driven Performance: \TU/lmr/m/n/12 Authentica
tion service configuration (bcrypt[]
 []


Overfull \hbox (4.04597pt too wide) in paragraph at lines 62--62
[][]\TU/lmr/bx/n/17.28 Contributions to Software Engineering Research []
 []



[112]
Overfull \hbox (9.04631pt too wide) in paragraph at lines 72--73
[][]\TU/lmr/bx/n/12 Performance Attribution Model: \TU/lmr/m/n/12 Systematic se
paration of methodology-inherent[]
 []



[113]
Overfull \hbox (6.6362pt too wide) in paragraph at lines 107--107
[][]|\TU/lmr/bx/n/12 Recommended[]
 []


Underfull \hbox (badness 10000) in paragraph at lines 107--108
[][]|\TU/lmr/bx/n/12 Implementation[]
 []


Underfull \hbox (badness 10000) in paragraph at lines 109--109
[][]|\TU/lmr/m/n/12 Traditional[]
 []


Underfull \hbox (badness 3417) in paragraph at lines 109--109
[][]|\TU/lmr/m/n/12 2.3x build speed,[]
 []


Underfull \hbox (badness 10000) in paragraph at lines 109--109
[]\TU/lmr/m/n/12 operational sim-[]
 []


Underfull \hbox (badness 3323) in paragraph at lines 109--109
[]\TU/lmr/m/n/12 plicity, immediate[]
 []


Underfull \hbox (badness 10000) in paragraph at lines 109--110
[][]|\TU/lmr/m/n/12 Platform optimiza-[]
 []


Underfull \hbox (badness 10000) in paragraph at lines 109--110
[]\TU/lmr/m/n/12 tion, authentication[]
 []


Underfull \hbox (badness 10000) in paragraph at lines 111--111
[][]|\TU/lmr/m/n/12 10-50 devel-[]
 []


Underfull \hbox (badness 6510) in paragraph at lines 111--111
[][]|\TU/lmr/m/n/12 Hybrid Archi-[]
 []


Underfull \hbox (badness 10000) in paragraph at lines 111--111
[][]|\TU/lmr/m/n/12 Zero-overhead in-[]
 []


Underfull \hbox (badness 4699) in paragraph at lines 111--111
[]\TU/lmr/m/n/12 application, grad-[]
 []


Underfull \hbox (badness 10000) in paragraph at lines 111--112
[][]|\TU/lmr/m/n/12 Service-specific[]
 []


Underfull \hbox (badness 10000) in paragraph at lines 111--112
[]\TU/lmr/m/n/12 methodology align-[]
 []


Underfull \hbox (badness 3179) in paragraph at lines 113--113
[][]|\TU/lmr/m/n/12 100% automation,[]
 []


Underfull \hbox (badness 10000) in paragraph at lines 113--113
[]\TU/lmr/m/n/12 operational scala-[]
 []


Underfull \hbox (badness 10000) in paragraph at lines 115--115
[][]|\TU/lmr/m/n/12 Mission-[]
 []


Underfull \hbox (badness 4229) in paragraph at lines 115--115
[][]|\TU/lmr/m/n/12 Self-healing, com-[]
 []


Underfull \hbox (badness 10000) in paragraph at lines 115--115
[]\TU/lmr/m/n/12 prehensive audit[]
 []


Underfull \hbox (badness 10000) in paragraph at lines 115--116
[][]|\TU/lmr/m/n/12 Prioritize reliability[]
 []



[114]

[115]) (chapters/appendices.tex

[116]

[117]
Appendix A.

Underfull \hbox (badness 10000) in paragraph at lines 19--19
[][]|\TU/lmr/m/n/12 user-service-[]
 []


Underfull \hbox (badness 10000) in paragraph at lines 19--20
[][]|\TU/lmr/m/n/12 Auto-sync, self-[]
 []


Underfull \hbox (badness 10000) in paragraph at lines 19--20
[]\TU/lmr/m/n/12 healing, automated[]
 []


Underfull \hbox (badness 10000) in paragraph at lines 21--21
[][]|\TU/lmr/m/n/12 order-service-[]
 []


Underfull \hbox (badness 10000) in paragraph at lines 21--22
[][]|\TU/lmr/m/n/12 Auto-sync, self-[]
 []


Underfull \hbox (badness 10000) in paragraph at lines 21--22
[]\TU/lmr/m/n/12 healing, automated[]
 []


Overfull \hbox (11.2328pt too wide) in paragraph at lines 15--24
 [][][][] 
 []


Underfull \hbox (badness 10000) in paragraph at lines 37--38
[][]|\TU/lmr/m/n/12 JVM tuning, Spring[]
 []


Underfull \hbox (badness 10000) in paragraph at lines 51--51
[][]|\TU/lmr/m/n/12 us-east-2, con-[]
 []


Underfull \hbox (badness 2165) in paragraph at lines 51--52
[][]|\TU/lmr/m/n/12 Transactional data (User,[]
 []


Underfull \hbox (badness 1194) in paragraph at lines 51--52
[]\TU/lmr/m/n/12 pliance, complex relation-[]
 []


Underfull \hbox (badness 10000) in paragraph at lines 53--53
[][]|\TU/lmr/m/n/12 M0 sandbox,[]
 []


Underfull \hbox (badness 10000) in paragraph at lines 53--53
[]\TU/lmr/m/n/12 text indexing,[]
 []


Underfull \hbox (badness 2088) in paragraph at lines 53--54
[]\TU/lmr/m/n/12 uct service), variable at-[]
 []


Underfull \hbox (badness 1668) in paragraph at lines 53--54
[]\TU/lmr/m/n/12 tributes, search optimiza-[]
 []


Underfull \hbox (badness 10000) in paragraph at lines 55--55
[][]|\TU/lmr/m/n/12 Regional de-[]
 []


Underfull \hbox (badness 2635) in paragraph at lines 55--55
[]\TU/lmr/m/n/12 JSON serializa-[]
 []


Underfull \hbox (badness 8019) in paragraph at lines 55--56
[][]|\TU/lmr/m/n/12 High-performance caching[]
 []



[118

]
Underfull \hbox (badness 7133) in paragraph at lines 69--69
[][]|\TU/lmr/bx/n/12 Tagging Pat-[]
 []


Underfull \hbox (badness 10000) in paragraph at lines 69--69
[][]|\TU/lmr/bx/n/12 Registry Integra-[]
 []


Underfull \hbox (badness 10000) in paragraph at lines 71--71
[][]|\TU/lmr/m/n/12 task1a-[]
 []


Underfull \hbox (badness 10000) in paragraph at lines 71--71
[]\TU/lmr/m/n/12 improved-[]
 []


Underfull \hbox (badness 10000) in paragraph at lines 71--71
[]\TU/lmr/m/n/12 SHA, task1b-[]
 []


Underfull \hbox (badness 1810) in paragraph at lines 71--71
[][]|\TU/lmr/m/n/12 Docker Hub → Ar-[]
 []


Underfull \hbox (badness 3780) in paragraph at lines 71--72
[][]|\TU/lmr/m/n/12 Deployment tracking[]
 []


Underfull \hbox (badness 10000) in paragraph at lines 73--73
[][]|\TU/lmr/m/n/12 task1c-[]
 []


Underfull \hbox (badness 10000) in paragraph at lines 73--73
[]\TU/lmr/m/n/12 improved-[]
 []


Underfull \hbox (badness 10000) in paragraph at lines 73--73
[]\TU/lmr/m/n/12 SHA, task1d-[]
 []


Underfull \hbox (badness 10000) in paragraph at lines 73--73
[][]|\TU/lmr/m/n/12 Docker Hub →[]
 []


Overfull \hbox (11.2328pt too wide) in paragraph at lines 67--76
 [][][][] 
 []


Underfull \hbox (badness 1642) in paragraph at lines 85--85
[][]|\TU/lmr/bx/n/12 Data Charac-[]
 []


Underfull \hbox (badness 10000) in paragraph at lines 85--85
[][]|\TU/lmr/bx/n/12 Key Imple-[]
 []


Underfull \hbox (badness 10000) in paragraph at lines 87--87
[][]|\TU/lmr/m/n/12 Neon Post-[]
 []


Underfull \hbox (badness 10000) in paragraph at lines 87--87
[][]|\TU/lmr/m/n/12 ACID transac-[]
 []


Underfull \hbox (badness 10000) in paragraph at lines 87--87
[]\TU/lmr/m/n/12 tions, complex[]
 []


Underfull \hbox (badness 10000) in paragraph at lines 87--87
[][]|\TU/lmr/m/n/12 Async[]
 []


Underfull \hbox (badness 10000) in paragraph at lines 87--87
[]\TU/lmr/m/n/12 SQLAlchemy,[]
 []


Underfull \hbox (badness 10000) in paragraph at lines 87--88
[][]|\TU/lmr/m/n/12 Authentication[]
 []


Underfull \hbox (badness 10000) in paragraph at lines 89--89
[][]|\TU/lmr/m/n/12 MongoDB[]
 []


Underfull \hbox (badness 10000) in paragraph at lines 89--89
[][]|\TU/lmr/m/n/12 Text indexing,[]
 []


Underfull \hbox (badness 10000) in paragraph at lines 89--89
[]\TU/lmr/m/n/12 aggregation[]
 []


Underfull \hbox (badness 10000) in paragraph at lines 89--90
[][]|\TU/lmr/m/n/12 Platform op-[]
 []


Underfull \hbox (badness 10000) in paragraph at lines 89--90
[]\TU/lmr/m/n/12 timization[]
 []


Underfull \hbox (badness 6461) in paragraph at lines 91--91
[][]|\TU/lmr/m/n/12 Upstash Re-[]
 []


Underfull \hbox (badness 10000) in paragraph at lines 91--91
[][]|\TU/lmr/m/n/12 High-[]
 []


Underfull \hbox (badness 10000) in paragraph at lines 91--91
[]\TU/lmr/m/n/12 performance[]
 []


Underfull \hbox (badness 1895) in paragraph at lines 91--91
[][]|\TU/lmr/m/n/12 Reactive opera-[]
 []


Underfull \hbox (badness 10000) in paragraph at lines 91--92
[][]|\TU/lmr/m/n/12 Technology[]
 []


Overfull \hbox (23.63278pt too wide) in paragraph at lines 83--94
 [][][][] 
 []



[119]
Appendix B.

Underfull \hbox (badness 10000) in paragraph at lines 110--110
[][]|\TU/lmr/bx/n/12 Optimization[]
 []


Underfull \hbox (badness 10000) in paragraph at lines 110--111
[][]|\TU/lmr/bx/n/12 ROI Assess-[]
 []


Underfull \hbox (badness 10000) in paragraph at lines 112--112
[][]|\TU/lmr/m/n/12 Authentication[]
 []


Underfull \hbox (badness 10000) in paragraph at lines 114--114
[][]|\TU/lmr/m/n/12 Technology[]
 []


Underfull \hbox (badness 1024) in paragraph at lines 116--116
[][]|\TU/lmr/m/n/12 Platform Align-[]
 []


Underfull \hbox (badness 10000) in paragraph at lines 118--118
[][]|\TU/lmr/m/n/12 Methodology[]
 []


Overfull \hbox (9.4064pt too wide) in paragraph at lines 108--121
 [][][][] 
 []


Underfull \hbox (badness 10000) in paragraph at lines 132--132
[][]|\TU/lmr/bx/n/12 Traditional[]
 []


Underfull \hbox (badness 10000) in paragraph at lines 134--134
[][]|\TU/lmr/m/n/12 Implementation[]
 []


Underfull \hbox (badness 10000) in paragraph at lines 134--134
[][]|\TU/lmr/m/n/12 High (infrastruc-[]
 []


Underfull \hbox (badness 10000) in paragraph at lines 136--136
[][]|\TU/lmr/m/n/12 Operational[]
 []


Underfull \hbox (badness 10000) in paragraph at lines 136--136
[][]|\TU/lmr/m/n/12 Manual coordina-[]
 []


Underfull \hbox (badness 10000) in paragraph at lines 136--136
[][]|\TU/lmr/m/n/12 Automated pro-[]
 []


Underfull \hbox (badness 10000) in paragraph at lines 138--138
[][]|\TU/lmr/m/n/12 Development[]
 []


Underfull \hbox (badness 10000) in paragraph at lines 138--139
[][]|\TU/lmr/m/n/12 Context-dependent[]
 []


Underfull \hbox (badness 2111) in paragraph at lines 140--140
[][]|\TU/lmr/m/n/12 Platform portabil-[]
 []


Underfull \hbox (badness 2310) in paragraph at lines 140--140
[][]|\TU/lmr/m/n/12 Operational excel-[]
 []


Underfull \hbox (badness 10000) in paragraph at lines 140--141
[][]|\TU/lmr/m/n/12 Competitive advan-[]
 []


Overfull \hbox (11.2328pt too wide) in paragraph at lines 130--143
 [][][][] 
 []


Underfull \hbox (badness 10000) in paragraph at lines 152--152
[][]|\TU/lmr/bx/n/12 Traditional[]
 []


Underfull \hbox (badness 10000) in paragraph at lines 154--154
[][]|\TU/lmr/m/n/12 Manual bottle-[]
 []


Underfull \hbox (badness 10000) in paragraph at lines 154--154
[][]|\TU/lmr/m/n/12 Implementation[]
 []


Underfull \hbox (badness 10000) in paragraph at lines 156--156
[][]|\TU/lmr/m/n/12 Performance[]
 []


Underfull \hbox (badness 4341) in paragraph at lines 156--156
[][]|\TU/lmr/m/n/12 Build efficiency[]
 []


Underfull \hbox (badness 10000) in paragraph at lines 156--156
[][]|\TU/lmr/m/n/12 Orchestration[]
 []


Underfull \hbox (badness 7704) in paragraph at lines 158--158
[][]|\TU/lmr/m/n/12 Human coordi-[]
 []


Underfull \hbox (badness 10000) in paragraph at lines 160--160
[][]|\TU/lmr/m/n/12 Strategic Posi-[]
 []



[120

])

[121] (main.aux)
 ***********
LaTeX2e <2025-06-01> patch level 1
L3 programming layer <2025-07-11>
 ***********


LaTeX Warning: There were multiply-defined labels.

Package rerunfilecheck Info: File `main.out' has not changed.
(rerunfilecheck)             Checksum: 3EDBA379F559A4B1CAD8FAB9535B90BC;42191.
 ) 
Here is how much of TeX's memory you used:
 19695 strings out of 403264
 403166 string characters out of 5461830
 1031758 words of memory out of 5000000
 47752 multiletter control sequences out of 15000+600000
 635341 words of font info for 106 fonts, out of 8000000 for 9000
 1348 hyphenation exceptions out of 8191
 82i,12n,92p,1163b,542s stack positions out of 10000i,1000n,20000p,200000b,200000s

Output written on main.pdf (133 pages).
